#
# There is insufficient memory for the Java Runtime Environment to continue.
# Native memory allocation (mmap) failed to map 209715200 bytes for G1 virtual space
# Possible reasons:
#   The system is out of physical RAM or swap space
#   The process is running with CompressedOops enabled, and the Java Heap may be blocking the growth of the native heap
# Possible solutions:
#   Reduce memory load on the system
#   Increase physical memory or swap space
#   Check if swap backing store is full
#   Decrease Java heap size (-Xmx/-Xms)
#   Decrease number of Java threads
#   Decrease Java thread stack sizes (-Xss)
#   Set larger code cache with -XX:ReservedCodeCacheSize=
#   JVM is running with Unscaled Compressed Oops mode in which the Java heap is
#     placed in the first 4GB address space. The Java Heap base address is the
#     maximum limit for the native heap growth. Please use -XX:HeapBaseMinAddress
#     to set the Java Heap base and to place the Java Heap above 4GB virtual address.
# This output file may be truncated or incomplete.
#
#  Out of Memory Error (os_windows.cpp:3771), pid=17196, tid=5132
#
# JRE version: OpenJDK Runtime Environment (17.0.7) (build 17.0.7+0-b2043.56-10353782)
# Java VM: OpenJDK 64-Bit Server VM (17.0.7+0-b2043.56-10353782, mixed mode, tiered, compressed oops, compressed class ptrs, g1 gc, windows-amd64)
# No core dump will be written. Minidumps are not enabled by default on client versions of Windows
#

---------------  S U M M A R Y ------------

Command Line: --add-opens=java.base/java.util=ALL-UNNAMED --add-opens=java.base/java.lang=ALL-UNNAMED --add-opens=java.base/java.lang.invoke=ALL-UNNAMED --add-opens=java.prefs/java.util.prefs=ALL-UNNAMED --add-opens=java.base/java.nio.charset=ALL-UNNAMED --add-opens=java.base/java.net=ALL-UNNAMED --add-opens=java.base/java.util.concurrent.atomic=ALL-UNNAMED -Xmx2048m -Dfile.encoding=UTF-8 -Duser.country=US -Duser.language=en -Duser.variant -javaagent:C:\Users\AHMEDHOSNY\.gradle\wrapper\dists\gradle-8.2-bin\bbg7u40eoinfdyxsxr3z4i7ta\gradle-8.2\lib\agents\gradle-instrumentation-agent-8.2.jar org.gradle.launcher.daemon.bootstrap.GradleDaemon 8.2

Host: Intel(R) Core(TM) i7-10750H CPU @ 2.60GHz, 12 cores, 15G,  Windows 11 , 64 bit Build 25921 (10.0.25921.1000)
Time: Sun Aug  6 15:48:18 2023 Egypt Daylight Time elapsed time: 353.049583 seconds (0d 0h 5m 53s)

---------------  T H R E A D  ---------------

Current thread (0x000002329eacaed0):  VMThread "VM Thread" [stack: 0x000000a3f4e00000,0x000000a3f4f00000] [id=5132]

Stack: [0x000000a3f4e00000,0x000000a3f4f00000]
Native frames: (J=compiled Java code, j=interpreted, Vv=VM code, C=native code)
V  [jvm.dll+0x683cca]
V  [jvm.dll+0x8424b4]
V  [jvm.dll+0x843cae]
V  [jvm.dll+0x844313]
V  [jvm.dll+0x24ad2f]
V  [jvm.dll+0x680b99]
V  [jvm.dll+0x67526a]
V  [jvm.dll+0x30b3cb]
V  [jvm.dll+0x312876]
V  [jvm.dll+0x36221e]
V  [jvm.dll+0x36244f]
V  [jvm.dll+0x2e14a8]
V  [jvm.dll+0x2df684]
V  [jvm.dll+0x2dec8c]
V  [jvm.dll+0x32382b]
V  [jvm.dll+0x8489db]
V  [jvm.dll+0x849714]
V  [jvm.dll+0x849c2d]
V  [jvm.dll+0x84a004]
V  [jvm.dll+0x84a0d0]
V  [jvm.dll+0x7f2b9a]
V  [jvm.dll+0x682b05]
C  [ucrtbase.dll+0x62871]
C  [KERNEL32.DLL+0x11f88]
C  [ntdll.dll+0x68241]

VM_Operation (0x000000a384ffa960): G1CollectForAllocation, mode: safepoint, requested by thread 0x00000232a56a0040


---------------  P R O C E S S  ---------------

Threads class SMR info:
_java_thread_list=0x00000232aa91ae50, length=119, elements={
0x0000023284951a80, 0x000002329eacb170, 0x000002329ecf0410, 0x000002329ecdb540,
0x000002329ecdbe00, 0x000002329ecdc6c0, 0x000002329ecdcf80, 0x000002329ed33010,
0x000002329ed3ee20, 0x000002329ed3f720, 0x000002329eb0e760, 0x000002329efee9c0,
0x00000232a5f850a0, 0x000002329f1d5580, 0x00000232a4c4d030, 0x00000232a45eab60,
0x00000232a4b0e540, 0x00000232a4b0cd30, 0x00000232a4b0c860, 0x00000232a4b0bec0,
0x00000232a4b0ea10, 0x00000232a77ed680, 0x00000232a77eb9a0, 0x00000232a77eee90,
0x00000232a77ecce0, 0x00000232a77f2380, 0x00000232a77f01d0, 0x00000232a77ee9c0,
0x00000232a77f2d20, 0x00000232a77f0b70, 0x00000232a77f1040, 0x000002329f43dd60,
0x000002329f439a00, 0x000002329f43d3c0, 0x000002329f43d890, 0x000002329f43ebd0,
0x00000232aadd9e30, 0x00000232ab021ed0, 0x00000232ab024080, 0x00000232ab024550,
0x00000232a7bdf250, 0x00000232aa54de20, 0x00000232a788b160, 0x00000232a903f9e0,
0x00000232a903feb0, 0x00000232a903f510, 0x00000232aa4dad60, 0x00000232aa4dca40,
0x00000232aa4dc570, 0x00000232aa045540, 0x00000232aa041d90, 0x00000232aa4db230,
0x00000232aa4d9a20, 0x00000232aa4d9550, 0x00000232aa4da890, 0x00000232aa4dbbd0,
0x00000232aa4d9080, 0x00000232aa4d9ef0, 0x00000232aa4da3c0, 0x00000232aa4dc0a0,
0x00000232ab022870, 0x00000232ab024a20, 0x00000232ab021060, 0x00000232ab022d40,
0x00000232ab0223a0, 0x00000232ab023210, 0x00000232ab021530, 0x00000232ab0236e0,
0x00000232a7be0590, 0x00000232a569ed00, 0x00000232a54c16b0, 0x00000232a54c1b80,
0x00000232a54c0d10, 0x00000232a54c2050, 0x00000232a54c2520, 0x00000232a54c3390,
0x00000232a54c29f0, 0x00000232ab021a00, 0x00000232ab023bb0, 0x00000232aaddb170,
0x00000232aaddaca0, 0x00000232a54c2ec0, 0x00000232a54bfea0, 0x00000232a54c3860,
0x00000232a54c0370, 0x00000232a9040380, 0x00000232a903f040, 0x00000232a9040850,
0x00000232a629b6d0, 0x00000232a629bba0, 0x00000232a629ad30, 0x00000232a629c070,
0x00000232a629b200, 0x00000232a9e224e0, 0x00000232a788ac90, 0x00000232a9e23cf0,
0x00000232a629c540, 0x000002329f7df650, 0x000002329f7e21a0, 0x000002329f7e0990,
0x000002329f7e1800, 0x000002329f7dfb20, 0x000002329f7e1330, 0x00000232a54c0840,
0x00000232a54c11e0, 0x00000232a569f6a0, 0x00000232a569fb70, 0x00000232aa54e7c0,
0x00000232a6315b70, 0x00000232a63151d0, 0x00000232a6316510, 0x00000232a63156a0,
0x00000232a63169e0, 0x00000232a6316040, 0x00000232a56a0040, 0x00000232a56a0510,
0x00000232a569f1d0, 0x00000232b01d42f0, 0x00000232b01d3e20
}

Java Threads: ( => current thread )
  0x0000023284951a80 JavaThread "main" [_thread_blocked, id=1368, stack(0x000000a3f4800000,0x000000a3f4900000)]
  0x000002329eacb170 JavaThread "Reference Handler" daemon [_thread_blocked, id=15212, stack(0x000000a3f4f00000,0x000000a3f5000000)]
  0x000002329ecf0410 JavaThread "Finalizer" daemon [_thread_blocked, id=1960, stack(0x000000a3f5000000,0x000000a3f5100000)]
  0x000002329ecdb540 JavaThread "Signal Dispatcher" daemon [_thread_blocked, id=17496, stack(0x000000a3f5100000,0x000000a3f5200000)]
  0x000002329ecdbe00 JavaThread "Attach Listener" daemon [_thread_blocked, id=1864, stack(0x000000a3f5200000,0x000000a3f5300000)]
  0x000002329ecdc6c0 JavaThread "Service Thread" daemon [_thread_blocked, id=20672, stack(0x000000a3f5300000,0x000000a3f5400000)]
  0x000002329ecdcf80 JavaThread "Monitor Deflation Thread" daemon [_thread_blocked, id=21312, stack(0x000000a3f5400000,0x000000a3f5500000)]
  0x000002329ed33010 JavaThread "C2 CompilerThread0" daemon [_thread_blocked, id=11072, stack(0x000000a3f5500000,0x000000a3f5600000)]
  0x000002329ed3ee20 JavaThread "C1 CompilerThread0" daemon [_thread_blocked, id=19692, stack(0x000000a3f5600000,0x000000a3f5700000)]
  0x000002329ed3f720 JavaThread "Sweeper thread" daemon [_thread_blocked, id=18756, stack(0x000000a3f5700000,0x000000a3f5800000)]
  0x000002329eb0e760 JavaThread "Common-Cleaner" daemon [_thread_blocked, id=17892, stack(0x000000a3f5800000,0x000000a3f5900000)]
  0x000002329efee9c0 JavaThread "Notification Thread" daemon [_thread_blocked, id=12932, stack(0x000000a3f5900000,0x000000a3f5a00000)]
  0x00000232a5f850a0 JavaThread "Daemon health stats" [_thread_blocked, id=13644, stack(0x000000a3f6200000,0x000000a3f6300000)]
  0x000002329f1d5580 JavaThread "Incoming local TCP Connector on port 8628" [_thread_in_native, id=19840, stack(0x000000a3f5b00000,0x000000a3f5c00000)]
  0x00000232a4c4d030 JavaThread "Daemon periodic checks" [_thread_blocked, id=18140, stack(0x000000a3f5c00000,0x000000a3f5d00000)]
  0x00000232a45eab60 JavaThread "Cache worker for journal cache (C:\Users\AHMEDHOSNY\.gradle\caches\journal-1)" [_thread_blocked, id=11144, stack(0x000000a3f7000000,0x000000a3f7100000)]
  0x00000232a4b0e540 JavaThread "File lock request listener" [_thread_in_native, id=18704, stack(0x000000a3f7100000,0x000000a3f7200000)]
  0x00000232a4b0cd30 JavaThread "Cache worker for file hash cache (C:\Users\AHMEDHOSNY\.gradle\caches\8.2\fileHashes)" [_thread_blocked, id=20332, stack(0x000000a3f7300000,0x000000a3f7400000)]
  0x00000232a4b0c860 JavaThread "File watcher server" daemon [_thread_blocked, id=4796, stack(0x000000a3f7500000,0x000000a3f7600000)]
  0x00000232a4b0bec0 JavaThread "File watcher consumer" daemon [_thread_blocked, id=16640, stack(0x000000a3f7600000,0x000000a3f7700000)]
  0x00000232a4b0ea10 JavaThread "Cache worker for file content cache (C:\Users\AHMEDHOSNY\.gradle\caches\8.2\fileContent)" [_thread_blocked, id=5796, stack(0x000000a3f7900000,0x000000a3f7a00000)]
  0x00000232a77ed680 JavaThread "Cache worker for execution history cache (C:\Users\AHMEDHOSNY\.gradle\caches\8.2\executionHistory)" [_thread_blocked, id=2572, stack(0x000000a3f7c00000,0x000000a3f7d00000)]
  0x00000232a77eb9a0 JavaThread "jar transforms" [_thread_blocked, id=8256, stack(0x000000a3f7e00000,0x000000a3f7f00000)]
  0x00000232a77eee90 JavaThread "jar transforms Thread 2" [_thread_blocked, id=17984, stack(0x000000a3f7f00000,0x000000a3f8000000)]
  0x00000232a77ecce0 JavaThread "Cache worker for kotlin-dsl (C:\Users\AHMEDHOSNY\.gradle\caches\8.2\kotlin-dsl)" [_thread_blocked, id=14560, stack(0x000000a3f8000000,0x000000a3f8100000)]
  0x00000232a77f2380 JavaThread "jar transforms Thread 3" [_thread_blocked, id=11736, stack(0x000000a3f8100000,0x000000a3f8200000)]
  0x00000232a77f01d0 JavaThread "jar transforms Thread 4" [_thread_blocked, id=19588, stack(0x000000a3f8200000,0x000000a3f8300000)]
  0x00000232a77ee9c0 JavaThread "jar transforms Thread 5" [_thread_blocked, id=8220, stack(0x000000a3f8300000,0x000000a3f8400000)]
  0x00000232a77f2d20 JavaThread "jar transforms Thread 6" [_thread_blocked, id=13012, stack(0x000000a3f8400000,0x000000a3f8500000)]
  0x00000232a77f0b70 JavaThread "jar transforms Thread 7" [_thread_blocked, id=18364, stack(0x000000a3f8700000,0x000000a3f8800000)]
  0x00000232a77f1040 JavaThread "jar transforms Thread 8" [_thread_blocked, id=20260, stack(0x000000a3f8800000,0x000000a3f8900000)]
  0x000002329f43dd60 JavaThread "jar transforms Thread 9" [_thread_blocked, id=18024, stack(0x000000a3f9500000,0x000000a3f9600000)]
  0x000002329f439a00 JavaThread "jar transforms Thread 10" [_thread_blocked, id=20732, stack(0x000000a3f9600000,0x000000a3f9700000)]
  0x000002329f43d3c0 JavaThread "jar transforms Thread 11" [_thread_blocked, id=14496, stack(0x000000a3f9700000,0x000000a3f9800000)]
  0x000002329f43d890 JavaThread "jar transforms Thread 12" [_thread_blocked, id=14644, stack(0x000000a3f9800000,0x000000a3f9900000)]
  0x000002329f43ebd0 JavaThread "Memory manager" [_thread_blocked, id=19148, stack(0x000000a3f9a00000,0x000000a3f9b00000)]
  0x00000232aadd9e30 JavaThread "RMI Scheduler(0)" daemon [_thread_blocked, id=11392, stack(0x000000a380900000,0x000000a380a00000)]
  0x00000232ab021ed0 JavaThread "RMI GC Daemon" daemon [_thread_blocked, id=18484, stack(0x000000a380b00000,0x000000a380c00000)]
  0x00000232ab024080 JavaThread "RMI TCP Accept-0" daemon [_thread_in_native, id=3320, stack(0x000000a380d00000,0x000000a380e00000)]
  0x00000232ab024550 JavaThread "RMI Reaper" [_thread_blocked, id=21028, stack(0x000000a380e00000,0x000000a380f00000)]
  0x00000232a7bdf250 JavaThread "Daemon Thread 2" [_thread_blocked, id=16552, stack(0x000000a380100000,0x000000a380200000)]
  0x00000232aa54de20 JavaThread "Daemon worker Thread 2" [_thread_blocked, id=20204, stack(0x000000a380400000,0x000000a380500000)]
  0x00000232a788b160 JavaThread "included builds" [_thread_blocked, id=8272, stack(0x000000a382100000,0x000000a382200000)]
  0x00000232a903f9e0 JavaThread "RMI TCP Connection(idle)" daemon [_thread_blocked, id=20048, stack(0x000000a380200000,0x000000a380300000)]
  0x00000232a903feb0 JavaThread "Handler for socket connection from /127.0.0.1:8628 to /127.0.0.1:8696" [_thread_in_native, id=12328, stack(0x000000a380300000,0x000000a380400000)]
  0x00000232a903f510 JavaThread "Cancel handler" [_thread_blocked, id=7600, stack(0x000000a380500000,0x000000a380600000)]
  0x00000232aa4dad60 JavaThread "Asynchronous log dispatcher for DefaultDaemonConnection: socket connection from /127.0.0.1:8628 to /127.0.0.1:8696" [_thread_blocked, id=7192, stack(0x000000a380600000,0x000000a380700000)]
  0x00000232aa4dca40 JavaThread "Stdin handler" [_thread_blocked, id=11396, stack(0x000000a380700000,0x000000a380800000)]
  0x00000232aa4dc570 JavaThread "Daemon client event forwarder" [_thread_blocked, id=18812, stack(0x000000a380800000,0x000000a380900000)]
  0x00000232aa045540 JavaThread "C2 CompilerThread1" daemon [_thread_blocked, id=13272, stack(0x000000a380a00000,0x000000a380b00000)]
  0x00000232aa041d90 JavaThread "C2 CompilerThread2" daemon [_thread_blocked, id=7152, stack(0x000000a380c00000,0x000000a380d00000)]
  0x00000232aa4db230 JavaThread "Cache worker for checksums cache (D:\7-Learn\Android\Compose\Unscramble\.gradle\8.2\checksums)" [_thread_blocked, id=5588, stack(0x000000a380f00000,0x000000a381000000)]
  0x00000232aa4d9a20 JavaThread "Cache worker for cache directory md-rule (C:\Users\AHMEDHOSNY\.gradle\caches\8.2\md-rule)" [_thread_blocked, id=19760, stack(0x000000a381000000,0x000000a381100000)]
  0x00000232aa4d9550 JavaThread "Cache worker for file hash cache (D:\7-Learn\Android\Compose\Unscramble\.gradle\8.2\fileHashes)" [_thread_blocked, id=14384, stack(0x000000a381100000,0x000000a381200000)]
  0x00000232aa4da890 JavaThread "Cache worker for cache directory md-supplier (C:\Users\AHMEDHOSNY\.gradle\caches\8.2\md-supplier)" [_thread_blocked, id=14852, stack(0x000000a381200000,0x000000a381300000)]
  0x00000232aa4dbbd0 JavaThread "Cache worker for dependencies-accessors (D:\7-Learn\Android\Compose\Unscramble\.gradle\8.2\dependencies-accessors)" [_thread_blocked, id=3176, stack(0x000000a381300000,0x000000a381400000)]
  0x00000232aa4d9080 JavaThread "Cache worker for Build Output Cleanup Cache (D:\7-Learn\Android\Compose\Unscramble\.gradle\buildOutputCleanup)" [_thread_blocked, id=17012, stack(0x000000a381400000,0x000000a381500000)]
  0x00000232aa4d9ef0 JavaThread "Unconstrained build operations" [_thread_blocked, id=8884, stack(0x000000a381500000,0x000000a381600000)]
  0x00000232aa4da3c0 JavaThread "Unconstrained build operations Thread 2" [_thread_blocked, id=16872, stack(0x000000a381600000,0x000000a381700000)]
  0x00000232aa4dc0a0 JavaThread "Unconstrained build operations Thread 3" [_thread_blocked, id=1796, stack(0x000000a381700000,0x000000a381800000)]
  0x00000232ab022870 JavaThread "Unconstrained build operations Thread 4" [_thread_blocked, id=14608, stack(0x000000a381800000,0x000000a381900000)]
  0x00000232ab024a20 JavaThread "Unconstrained build operations Thread 5" [_thread_blocked, id=17796, stack(0x000000a381900000,0x000000a381a00000)]
  0x00000232ab021060 JavaThread "Unconstrained build operations Thread 6" [_thread_blocked, id=2628, stack(0x000000a381a00000,0x000000a381b00000)]
  0x00000232ab022d40 JavaThread "Unconstrained build operations Thread 7" [_thread_blocked, id=12664, stack(0x000000a381b00000,0x000000a381c00000)]
  0x00000232ab0223a0 JavaThread "Unconstrained build operations Thread 8" [_thread_blocked, id=18408, stack(0x000000a381c00000,0x000000a381d00000)]
  0x00000232ab023210 JavaThread "Unconstrained build operations Thread 9" [_thread_blocked, id=17208, stack(0x000000a381d00000,0x000000a381e00000)]
  0x00000232ab021530 JavaThread "Unconstrained build operations Thread 10" [_thread_blocked, id=3120, stack(0x000000a381e00000,0x000000a381f00000)]
  0x00000232ab0236e0 JavaThread "Unconstrained build operations Thread 11" [_thread_blocked, id=17128, stack(0x000000a381f00000,0x000000a382000000)]
  0x00000232a7be0590 JavaThread "build event listener" [_thread_blocked, id=18504, stack(0x000000a382000000,0x000000a382100000)]
  0x00000232a569ed00 JavaThread "included builds" [_thread_blocked, id=11800, stack(0x000000a382200000,0x000000a382300000)]
  0x00000232a54c16b0 JavaThread "Execution worker" [_thread_blocked, id=132, stack(0x000000a382300000,0x000000a382400000)]
  0x00000232a54c1b80 JavaThread "Execution worker Thread 2" [_thread_blocked, id=3512, stack(0x000000a382400000,0x000000a382500000)]
  0x00000232a54c0d10 JavaThread "Execution worker Thread 3" [_thread_blocked, id=12040, stack(0x000000a382500000,0x000000a382600000)]
  0x00000232a54c2050 JavaThread "Execution worker Thread 4" [_thread_blocked, id=4500, stack(0x000000a382600000,0x000000a382700000)]
  0x00000232a54c2520 JavaThread "Execution worker Thread 5" [_thread_blocked, id=9888, stack(0x000000a382700000,0x000000a382800000)]
  0x00000232a54c3390 JavaThread "Execution worker Thread 6" [_thread_blocked, id=21304, stack(0x000000a382800000,0x000000a382900000)]
  0x00000232a54c29f0 JavaThread "Execution worker Thread 7" [_thread_blocked, id=9692, stack(0x000000a382900000,0x000000a382a00000)]
  0x00000232ab021a00 JavaThread "Execution worker Thread 8" [_thread_blocked, id=2264, stack(0x000000a382a00000,0x000000a382b00000)]
  0x00000232ab023bb0 JavaThread "Execution worker Thread 9" [_thread_blocked, id=2548, stack(0x000000a382b00000,0x000000a382c00000)]
  0x00000232aaddb170 JavaThread "Execution worker Thread 10" [_thread_blocked, id=19280, stack(0x000000a382c00000,0x000000a382d00000)]
  0x00000232aaddaca0 JavaThread "Execution worker Thread 11" [_thread_blocked, id=19136, stack(0x000000a382d00000,0x000000a382e00000)]
  0x00000232a54c2ec0 JavaThread "Cache worker for execution history cache (D:\7-Learn\Android\Compose\Unscramble\.gradle\8.2\executionHistory)" [_thread_blocked, id=18236, stack(0x000000a382e00000,0x000000a382f00000)]
  0x00000232a54bfea0 JavaThread "Unconstrained build operations Thread 12" [_thread_blocked, id=17832, stack(0x000000a382f00000,0x000000a383000000)]
  0x00000232a54c3860 JavaThread "Unconstrained build operations Thread 13" [_thread_blocked, id=8440, stack(0x000000a383000000,0x000000a383100000)]
  0x00000232a54c0370 JavaThread "Unconstrained build operations Thread 14" [_thread_blocked, id=20564, stack(0x000000a383100000,0x000000a383200000)]
  0x00000232a9040380 JavaThread "Unconstrained build operations Thread 15" [_thread_blocked, id=18196, stack(0x000000a383200000,0x000000a383300000)]
  0x00000232a903f040 JavaThread "Unconstrained build operations Thread 16" [_thread_blocked, id=4604, stack(0x000000a383300000,0x000000a383400000)]
  0x00000232a9040850 JavaThread "Unconstrained build operations Thread 17" [_thread_blocked, id=576, stack(0x000000a383400000,0x000000a383500000)]
  0x00000232a629b6d0 JavaThread "Unconstrained build operations Thread 18" [_thread_blocked, id=17708, stack(0x000000a383500000,0x000000a383600000)]
  0x00000232a629bba0 JavaThread "Unconstrained build operations Thread 19" [_thread_blocked, id=15064, stack(0x000000a383600000,0x000000a383700000)]
  0x00000232a629ad30 JavaThread "Unconstrained build operations Thread 20" [_thread_blocked, id=17180, stack(0x000000a383700000,0x000000a383800000)]
  0x00000232a629c070 JavaThread "Unconstrained build operations Thread 21" [_thread_blocked, id=9768, stack(0x000000a383800000,0x000000a383900000)]
  0x00000232a629b200 JavaThread "Unconstrained build operations Thread 22" [_thread_blocked, id=18660, stack(0x000000a383900000,0x000000a383a00000)]
  0x00000232a9e224e0 JavaThread "WorkerExecutor Queue" [_thread_blocked, id=12656, stack(0x000000a383a00000,0x000000a383b00000)]
  0x00000232a788ac90 JavaThread "WorkerExecutor Queue Thread 2" [_thread_blocked, id=19304, stack(0x000000a383b00000,0x000000a383c00000)]
  0x00000232a9e23cf0 JavaThread "WorkerExecutor Queue Thread 3" [_thread_blocked, id=18036, stack(0x000000a383c00000,0x000000a383d00000)]
  0x00000232a629c540 JavaThread "Unconstrained build operations Thread 23" [_thread_blocked, id=18244, stack(0x000000a383d00000,0x000000a383e00000)]
  0x000002329f7df650 JavaThread "Unconstrained build operations Thread 24" [_thread_blocked, id=6360, stack(0x000000a383e00000,0x000000a383f00000)]
  0x000002329f7e21a0 JavaThread "Unconstrained build operations Thread 25" [_thread_blocked, id=4760, stack(0x000000a383f00000,0x000000a384000000)]
  0x000002329f7e0990 JavaThread "Unconstrained build operations Thread 26" [_thread_blocked, id=2540, stack(0x000000a384000000,0x000000a384100000)]
  0x000002329f7e1800 JavaThread "Unconstrained build operations Thread 27" [_thread_blocked, id=15396, stack(0x000000a384100000,0x000000a384200000)]
  0x000002329f7dfb20 JavaThread "Unconstrained build operations Thread 28" [_thread_blocked, id=20664, stack(0x000000a384200000,0x000000a384300000)]
  0x000002329f7e1330 JavaThread "Unconstrained build operations Thread 29" [_thread_blocked, id=21476, stack(0x000000a384300000,0x000000a384400000)]
  0x00000232a54c0840 JavaThread "Unconstrained build operations Thread 30" [_thread_blocked, id=15112, stack(0x000000a384400000,0x000000a384500000)]
  0x00000232a54c11e0 JavaThread "Unconstrained build operations Thread 31" [_thread_blocked, id=17092, stack(0x000000a384500000,0x000000a384600000)]
  0x00000232a569f6a0 JavaThread "Unconstrained build operations Thread 32" [_thread_blocked, id=21332, stack(0x000000a384600000,0x000000a384700000)]
  0x00000232a569fb70 JavaThread "Unconstrained build operations Thread 33" [_thread_blocked, id=20548, stack(0x000000a384700000,0x000000a384800000)]
  0x00000232aa54e7c0 JavaThread "WorkerExecutor Queue Thread 4" [_thread_blocked, id=5548, stack(0x000000a384800000,0x000000a384900000)]
  0x00000232a6315b70 JavaThread "Unconstrained build operations Thread 34" [_thread_blocked, id=12216, stack(0x000000a384900000,0x000000a384a00000)]
  0x00000232a63151d0 JavaThread "Unconstrained build operations Thread 35" [_thread_blocked, id=20052, stack(0x000000a384a00000,0x000000a384b00000)]
  0x00000232a6316510 JavaThread "Unconstrained build operations Thread 36" [_thread_blocked, id=18576, stack(0x000000a384b00000,0x000000a384c00000)]
  0x00000232a63156a0 JavaThread "Unconstrained build operations Thread 37" [_thread_blocked, id=14076, stack(0x000000a384c00000,0x000000a384d00000)]
  0x00000232a63169e0 JavaThread "Unconstrained build operations Thread 38" [_thread_blocked, id=16892, stack(0x000000a384d00000,0x000000a384e00000)]
  0x00000232a6316040 JavaThread "Unconstrained build operations Thread 39" [_thread_blocked, id=20592, stack(0x000000a384e00000,0x000000a384f00000)]
  0x00000232a56a0040 JavaThread "Unconstrained build operations Thread 40" [_thread_blocked, id=10068, stack(0x000000a384f00000,0x000000a385000000)]
  0x00000232a56a0510 JavaThread "Unconstrained build operations Thread 41" [_thread_blocked, id=17368, stack(0x000000a385000000,0x000000a385100000)]
  0x00000232a569f1d0 JavaThread "Unconstrained build operations Thread 42" [_thread_blocked, id=13020, stack(0x000000a385100000,0x000000a385200000)]
  0x00000232b01d42f0 JavaThread "Unconstrained build operations Thread 43" [_thread_blocked, id=19332, stack(0x000000a385200000,0x000000a385300000)]
  0x00000232b01d3e20 JavaThread "Unconstrained build operations Thread 44" [_thread_blocked, id=13092, stack(0x000000a385300000,0x000000a385400000)]

Other Threads:
=>0x000002329eacaed0 VMThread "VM Thread" [stack: 0x000000a3f4e00000,0x000000a3f4f00000] [id=5132]
  0x00000232849c8ae0 WatcherThread [stack: 0x000000a3f5a00000,0x000000a3f5b00000] [id=6444]
  0x000002328268e800 GCTaskThread "GC Thread#0" [stack: 0x000000a3f4900000,0x000000a3f4a00000] [id=18628]
  0x000002329f3663c0 GCTaskThread "GC Thread#1" [stack: 0x000000a3f5d00000,0x000000a3f5e00000] [id=2980]
  0x00000232a44c80f0 GCTaskThread "GC Thread#2" [stack: 0x000000a3f5e00000,0x000000a3f5f00000] [id=16680]
  0x000002329f5adcb0 GCTaskThread "GC Thread#3" [stack: 0x000000a3f5f00000,0x000000a3f6000000] [id=20916]
  0x000002329f2f3090 GCTaskThread "GC Thread#4" [stack: 0x000000a3f6000000,0x000000a3f6100000] [id=12324]
  0x00000232a44a2410 GCTaskThread "GC Thread#5" [stack: 0x000000a3f6100000,0x000000a3f6200000] [id=6480]
  0x00000232a5023170 GCTaskThread "GC Thread#6" [stack: 0x000000a3f6a00000,0x000000a3f6b00000] [id=200]
  0x00000232a5bc3630 GCTaskThread "GC Thread#7" [stack: 0x000000a3f6b00000,0x000000a3f6c00000] [id=9684]
  0x00000232a5862330 GCTaskThread "GC Thread#8" [stack: 0x000000a3f6c00000,0x000000a3f6d00000] [id=13660]
  0x00000232a57b7f10 GCTaskThread "GC Thread#9" [stack: 0x000000a3f6d00000,0x000000a3f6e00000] [id=16644]
  0x00000232849bac00 ConcurrentGCThread "G1 Main Marker" [stack: 0x000000a3f4a00000,0x000000a3f4b00000] [id=16896]
  0x00000232849bbbc0 ConcurrentGCThread "G1 Conc#0" [stack: 0x000000a3f4b00000,0x000000a3f4c00000] [id=20544]
  0x00000232a4c5c5b0 ConcurrentGCThread "G1 Conc#1" [stack: 0x000000a3f6e00000,0x000000a3f6f00000] [id=5276]
  0x00000232a5f71b30 ConcurrentGCThread "G1 Conc#2" [stack: 0x000000a3f6f00000,0x000000a3f7000000] [id=12904]
  0x000002329e9ee480 ConcurrentGCThread "G1 Refine#0" [stack: 0x000000a3f4c00000,0x000000a3f4d00000] [id=14664]
  0x00000232a63a5890 ConcurrentGCThread "G1 Refine#1" [stack: 0x000000a3f7d00000,0x000000a3f7e00000] [id=4128]
  0x000002329e9efc60 ConcurrentGCThread "G1 Service" [stack: 0x000000a3f4d00000,0x000000a3f4e00000] [id=16912]

Threads with active compile tasks:
C2 CompilerThread0   353073 18172   !   4       sun.nio.ch.FileChannelImpl::write (266 bytes)
C2 CompilerThread1   353073 18209       4       org.gradle.internal.file.FileHierarchySet$Node::plus (337 bytes)
C2 CompilerThread2   353073 18199 %     4       java.util.ComparableTimSort::binarySort @ 32 (223 bytes)

VM state: at safepoint (normal execution)

VM Mutex/Monitor currently owned by a thread:  ([mutex/lock_event])
[0x000002328494c900] Threads_lock - owner thread: 0x000002329eacaed0
[0x000002328494b4c0] Heap_lock - owner thread: 0x00000232a56a0040

Heap address: 0x0000000080000000, size: 2048 MB, Compressed Oops mode: 32-bit

CDS archive(s) not mapped
Compressed class space mapped at: 0x0000000100000000-0x0000000140000000, reserved size: 1073741824
Narrow klass base: 0x0000000000000000, Narrow klass shift: 3, Narrow klass range: 0x140000000

GC Precious Log:
 CPUs: 12 total, 12 available
 Memory: 16215M
 Large Page Support: Disabled
 NUMA Support: Disabled
 Compressed Oops: Enabled (32-bit)
 Heap Region Size: 1M
 Heap Min Capacity: 8M
 Heap Initial Capacity: 254M
 Heap Max Capacity: 2G
 Pre-touch: Disabled
 Parallel Workers: 10
 Concurrent Workers: 3
 Concurrent Refinement Workers: 10
 Periodic GC: Disabled

Heap:
 garbage-first heap   total 260096K, used 139615K [0x0000000080000000, 0x0000000100000000)
  region size 1024K, 3 young (3072K), 3 survivors (3072K)
 Metaspace       used 125673K, committed 126656K, reserved 1179648K
  class space    used 16878K, committed 17344K, reserved 1048576K

Heap Regions: E=young(eden), S=young(survivor), O=old, HS=humongous(starts), HC=humongous(continues), CS=collection set, F=free, OA=open archive, CA=closed archive, TAMS=top-at-mark-start (previous, next)
|   0|0x0000000080000000, 0x0000000080100000, 0x0000000080100000|100%|HS|  |TAMS 0x0000000080100000, 0x0000000080000000| Complete 
|   1|0x0000000080100000, 0x0000000080200000, 0x0000000080200000|100%|HC|  |TAMS 0x0000000080200000, 0x0000000080100000| Complete 
|   2|0x0000000080200000, 0x0000000080300000, 0x0000000080300000|100%|HC|  |TAMS 0x0000000080300000, 0x0000000080200000| Complete 
|   3|0x0000000080300000, 0x0000000080400000, 0x0000000080400000|100%|HC|  |TAMS 0x0000000080400000, 0x0000000080300000| Complete 
|   4|0x0000000080400000, 0x0000000080500000, 0x0000000080500000|100%| O|  |TAMS 0x0000000080400000, 0x0000000080400000| Untracked 
|   5|0x0000000080500000, 0x0000000080600000, 0x0000000080600000|100%| O|  |TAMS 0x0000000080600000, 0x0000000080500000| Untracked 
|   6|0x0000000080600000, 0x0000000080700000, 0x0000000080700000|100%| O|  |TAMS 0x0000000080700000, 0x0000000080600000| Untracked 
|   7|0x0000000080700000, 0x0000000080800000, 0x0000000080800000|100%| O|  |TAMS 0x0000000080800000, 0x0000000080700000| Untracked 
|   8|0x0000000080800000, 0x0000000080900000, 0x0000000080900000|100%| O|  |TAMS 0x0000000080900000, 0x0000000080800000| Untracked 
|   9|0x0000000080900000, 0x0000000080a00000, 0x0000000080a00000|100%| O|  |TAMS 0x0000000080a00000, 0x0000000080900000| Untracked 
|  10|0x0000000080a00000, 0x0000000080b00000, 0x0000000080b00000|100%| O|  |TAMS 0x0000000080b00000, 0x0000000080a00000| Untracked 
|  11|0x0000000080b00000, 0x0000000080c00000, 0x0000000080c00000|100%| O|  |TAMS 0x0000000080b00000, 0x0000000080b00000| Untracked 
|  12|0x0000000080c00000, 0x0000000080d00000, 0x0000000080d00000|100%| O|  |TAMS 0x0000000080d00000, 0x0000000080c00000| Untracked 
|  13|0x0000000080d00000, 0x0000000080e00000, 0x0000000080e00000|100%| O|  |TAMS 0x0000000080e00000, 0x0000000080d00000| Untracked 
|  14|0x0000000080e00000, 0x0000000080f00000, 0x0000000080f00000|100%| O|  |TAMS 0x0000000080f00000, 0x0000000080e00000| Untracked 
|  15|0x0000000080f00000, 0x0000000081000000, 0x0000000081000000|100%| O|  |TAMS 0x0000000081000000, 0x0000000080f00000| Untracked 
|  16|0x0000000081000000, 0x0000000081100000, 0x0000000081100000|100%| O|  |TAMS 0x0000000081100000, 0x0000000081000000| Untracked 
|  17|0x0000000081100000, 0x0000000081200000, 0x0000000081200000|100%| O|  |TAMS 0x0000000081200000, 0x0000000081100000| Untracked 
|  18|0x0000000081200000, 0x0000000081300000, 0x0000000081300000|100%| O|  |TAMS 0x0000000081300000, 0x0000000081200000| Untracked 
|  19|0x0000000081300000, 0x0000000081400000, 0x0000000081400000|100%| O|  |TAMS 0x0000000081400000, 0x0000000081300000| Untracked 
|  20|0x0000000081400000, 0x0000000081500000, 0x0000000081500000|100%| O|  |TAMS 0x0000000081500000, 0x0000000081400000| Untracked 
|  21|0x0000000081500000, 0x0000000081600000, 0x0000000081600000|100%| O|  |TAMS 0x0000000081600000, 0x0000000081500000| Untracked 
|  22|0x0000000081600000, 0x0000000081700000, 0x0000000081700000|100%| O|  |TAMS 0x0000000081700000, 0x0000000081600000| Untracked 
|  23|0x0000000081700000, 0x0000000081800000, 0x0000000081800000|100%|HS|  |TAMS 0x0000000081800000, 0x0000000081700000| Complete 
|  24|0x0000000081800000, 0x0000000081900000, 0x0000000081900000|100%| O|  |TAMS 0x0000000081900000, 0x0000000081800000| Untracked 
|  25|0x0000000081900000, 0x0000000081a00000, 0x0000000081a00000|100%| O|  |TAMS 0x0000000081a00000, 0x0000000081900000| Untracked 
|  26|0x0000000081a00000, 0x0000000081b00000, 0x0000000081b00000|100%| O|  |TAMS 0x0000000081b00000, 0x0000000081a00000| Untracked 
|  27|0x0000000081b00000, 0x0000000081c00000, 0x0000000081c00000|100%| O|  |TAMS 0x0000000081c00000, 0x0000000081b00000| Untracked 
|  28|0x0000000081c00000, 0x0000000081d00000, 0x0000000081d00000|100%| O|  |TAMS 0x0000000081d00000, 0x0000000081c00000| Untracked 
|  29|0x0000000081d00000, 0x0000000081e00000, 0x0000000081e00000|100%| O|  |TAMS 0x0000000081e00000, 0x0000000081d00000| Untracked 
|  30|0x0000000081e00000, 0x0000000081f00000, 0x0000000081f00000|100%| O|  |TAMS 0x0000000081f00000, 0x0000000081e00000| Untracked 
|  31|0x0000000081f00000, 0x0000000082000000, 0x0000000082000000|100%| O|  |TAMS 0x0000000082000000, 0x0000000081f00000| Untracked 
|  32|0x0000000082000000, 0x0000000082100000, 0x0000000082100000|100%| O|  |TAMS 0x0000000082100000, 0x0000000082000000| Untracked 
|  33|0x0000000082100000, 0x0000000082200000, 0x0000000082200000|100%| O|  |TAMS 0x0000000082200000, 0x0000000082100000| Untracked 
|  34|0x0000000082200000, 0x0000000082300000, 0x0000000082300000|100%| O|  |TAMS 0x0000000082300000, 0x0000000082200000| Untracked 
|  35|0x0000000082300000, 0x0000000082400000, 0x0000000082400000|100%| O|  |TAMS 0x0000000082400000, 0x0000000082300000| Untracked 
|  36|0x0000000082400000, 0x0000000082500000, 0x0000000082500000|100%| O|  |TAMS 0x0000000082500000, 0x0000000082400000| Untracked 
|  37|0x0000000082500000, 0x0000000082600000, 0x0000000082600000|100%| O|  |TAMS 0x0000000082600000, 0x0000000082500000| Untracked 
|  38|0x0000000082600000, 0x0000000082700000, 0x0000000082700000|100%| O|  |TAMS 0x0000000082700000, 0x0000000082600000| Untracked 
|  39|0x0000000082700000, 0x0000000082800000, 0x0000000082800000|100%| O|  |TAMS 0x0000000082800000, 0x0000000082700000| Untracked 
|  40|0x0000000082800000, 0x0000000082900000, 0x0000000082900000|100%| O|  |TAMS 0x0000000082900000, 0x0000000082800000| Untracked 
|  41|0x0000000082900000, 0x0000000082a00000, 0x0000000082a00000|100%| O|  |TAMS 0x0000000082a00000, 0x0000000082900000| Untracked 
|  42|0x0000000082a00000, 0x0000000082b00000, 0x0000000082b00000|100%| O|  |TAMS 0x0000000082b00000, 0x0000000082a00000| Untracked 
|  43|0x0000000082b00000, 0x0000000082c00000, 0x0000000082c00000|100%|HS|  |TAMS 0x0000000082c00000, 0x0000000082b00000| Complete 
|  44|0x0000000082c00000, 0x0000000082d00000, 0x0000000082d00000|100%|HS|  |TAMS 0x0000000082d00000, 0x0000000082c00000| Complete 
|  45|0x0000000082d00000, 0x0000000082e00000, 0x0000000082e00000|100%|HS|  |TAMS 0x0000000082e00000, 0x0000000082d00000| Complete 
|  46|0x0000000082e00000, 0x0000000082f00000, 0x0000000082f00000|100%|HC|  |TAMS 0x0000000082f00000, 0x0000000082e00000| Complete 
|  47|0x0000000082f00000, 0x0000000083000000, 0x0000000083000000|100%|HS|  |TAMS 0x0000000083000000, 0x0000000082f00000| Complete 
|  48|0x0000000083000000, 0x0000000083100000, 0x0000000083100000|100%| O|  |TAMS 0x0000000083100000, 0x0000000083000000| Untracked 
|  49|0x0000000083100000, 0x0000000083200000, 0x0000000083200000|100%|HS|  |TAMS 0x0000000083200000, 0x0000000083100000| Complete 
|  50|0x0000000083200000, 0x0000000083300000, 0x0000000083300000|100%|HC|  |TAMS 0x0000000083300000, 0x0000000083200000| Complete 
|  51|0x0000000083300000, 0x0000000083400000, 0x0000000083400000|100%|HC|  |TAMS 0x0000000083400000, 0x0000000083300000| Complete 
|  52|0x0000000083400000, 0x0000000083500000, 0x0000000083500000|100%|HC|  |TAMS 0x0000000083500000, 0x0000000083400000| Complete 
|  53|0x0000000083500000, 0x0000000083600000, 0x0000000083600000|100%| O|  |TAMS 0x0000000083600000, 0x0000000083500000| Untracked 
|  54|0x0000000083600000, 0x0000000083700000, 0x0000000083700000|100%|HS|  |TAMS 0x0000000083700000, 0x0000000083600000| Complete 
|  55|0x0000000083700000, 0x0000000083800000, 0x0000000083800000|100%|HC|  |TAMS 0x0000000083800000, 0x0000000083700000| Complete 
|  56|0x0000000083800000, 0x0000000083900000, 0x0000000083900000|100%|HS|  |TAMS 0x0000000083900000, 0x0000000083800000| Complete 
|  57|0x0000000083900000, 0x0000000083a00000, 0x0000000083a00000|100%| O|  |TAMS 0x0000000083a00000, 0x0000000083900000| Untracked 
|  58|0x0000000083a00000, 0x0000000083b00000, 0x0000000083b00000|100%| O|  |TAMS 0x0000000083b00000, 0x0000000083a00000| Untracked 
|  59|0x0000000083b00000, 0x0000000083c00000, 0x0000000083c00000|100%| O|  |TAMS 0x0000000083c00000, 0x0000000083b00000| Untracked 
|  60|0x0000000083c00000, 0x0000000083d00000, 0x0000000083d00000|100%| O|  |TAMS 0x0000000083d00000, 0x0000000083c00000| Untracked 
|  61|0x0000000083d00000, 0x0000000083e00000, 0x0000000083e00000|100%| O|  |TAMS 0x0000000083e00000, 0x0000000083d00000| Untracked 
|  62|0x0000000083e00000, 0x0000000083f00000, 0x0000000083f00000|100%| O|  |TAMS 0x0000000083f00000, 0x0000000083e00000| Untracked 
|  63|0x0000000083f00000, 0x0000000084000000, 0x0000000084000000|100%| O|  |TAMS 0x0000000084000000, 0x0000000083f00000| Untracked 
|  64|0x0000000084000000, 0x0000000084100000, 0x0000000084100000|100%| O|  |TAMS 0x0000000084100000, 0x0000000084000000| Untracked 
|  65|0x0000000084100000, 0x0000000084200000, 0x0000000084200000|100%| O|  |TAMS 0x0000000084200000, 0x0000000084100000| Untracked 
|  66|0x0000000084200000, 0x0000000084300000, 0x0000000084300000|100%| O|  |TAMS 0x0000000084300000, 0x0000000084200000| Untracked 
|  67|0x0000000084300000, 0x0000000084400000, 0x0000000084400000|100%| O|  |TAMS 0x0000000084400000, 0x0000000084300000| Untracked 
|  68|0x0000000084400000, 0x0000000084500000, 0x0000000084500000|100%| O|  |TAMS 0x0000000084500000, 0x0000000084400000| Untracked 
|  69|0x0000000084500000, 0x0000000084600000, 0x0000000084600000|100%| O|  |TAMS 0x0000000084600000, 0x0000000084500000| Untracked 
|  70|0x0000000084600000, 0x0000000084700000, 0x0000000084700000|100%| O|  |TAMS 0x0000000084700000, 0x0000000084600000| Untracked 
|  71|0x0000000084700000, 0x0000000084800000, 0x0000000084800000|100%| O|  |TAMS 0x0000000084800000, 0x0000000084700000| Untracked 
|  72|0x0000000084800000, 0x0000000084900000, 0x0000000084900000|100%| O|  |TAMS 0x0000000084900000, 0x0000000084800000| Untracked 
|  73|0x0000000084900000, 0x0000000084a00000, 0x0000000084a00000|100%| O|  |TAMS 0x0000000084a00000, 0x0000000084900000| Untracked 
|  74|0x0000000084a00000, 0x0000000084b00000, 0x0000000084b00000|100%| O|  |TAMS 0x0000000084b00000, 0x0000000084a00000| Untracked 
|  75|0x0000000084b00000, 0x0000000084c00000, 0x0000000084c00000|100%|HS|  |TAMS 0x0000000084c00000, 0x0000000084b00000| Complete 
|  76|0x0000000084c00000, 0x0000000084d00000, 0x0000000084d00000|100%|HC|  |TAMS 0x0000000084d00000, 0x0000000084c00000| Complete 
|  77|0x0000000084d00000, 0x0000000084e00000, 0x0000000084e00000|100%|HC|  |TAMS 0x0000000084e00000, 0x0000000084d00000| Complete 
|  78|0x0000000084e00000, 0x0000000084f00000, 0x0000000084f00000|100%|HC|  |TAMS 0x0000000084f00000, 0x0000000084e00000| Complete 
|  79|0x0000000084f00000, 0x0000000085000000, 0x0000000085000000|100%| O|  |TAMS 0x0000000085000000, 0x0000000084f00000| Untracked 
|  80|0x0000000085000000, 0x0000000085100000, 0x0000000085100000|100%| O|  |TAMS 0x0000000085100000, 0x0000000085000000| Untracked 
|  81|0x0000000085100000, 0x0000000085200000, 0x0000000085200000|100%| O|  |TAMS 0x0000000085200000, 0x0000000085100000| Untracked 
|  82|0x0000000085200000, 0x0000000085300000, 0x0000000085300000|100%| O|  |TAMS 0x0000000085300000, 0x0000000085200000| Untracked 
|  83|0x0000000085300000, 0x0000000085400000, 0x0000000085400000|100%| O|  |TAMS 0x0000000085400000, 0x0000000085300000| Untracked 
|  84|0x0000000085400000, 0x0000000085500000, 0x0000000085500000|100%| O|  |TAMS 0x0000000085500000, 0x0000000085400000| Untracked 
|  85|0x0000000085500000, 0x0000000085600000, 0x0000000085600000|100%| O|  |TAMS 0x0000000085600000, 0x0000000085500000| Untracked 
|  86|0x0000000085600000, 0x0000000085700000, 0x0000000085700000|100%| O|  |TAMS 0x0000000085700000, 0x0000000085600000| Untracked 
|  87|0x0000000085700000, 0x0000000085800000, 0x0000000085800000|100%| O|  |TAMS 0x0000000085800000, 0x0000000085700000| Untracked 
|  88|0x0000000085800000, 0x0000000085900000, 0x0000000085900000|100%| O|  |TAMS 0x0000000085900000, 0x0000000085800000| Untracked 
|  89|0x0000000085900000, 0x0000000085a00000, 0x0000000085a00000|100%| O|  |TAMS 0x0000000085a00000, 0x0000000085900000| Untracked 
|  90|0x0000000085a00000, 0x0000000085b00000, 0x0000000085b00000|100%| O|  |TAMS 0x0000000085b00000, 0x0000000085a00000| Untracked 
|  91|0x0000000085b00000, 0x0000000085c00000, 0x0000000085c00000|100%| O|  |TAMS 0x0000000085c00000, 0x0000000085b00000| Untracked 
|  92|0x0000000085c00000, 0x0000000085d00000, 0x0000000085d00000|100%| O|  |TAMS 0x0000000085d00000, 0x0000000085c00000| Untracked 
|  93|0x0000000085d00000, 0x0000000085e00000, 0x0000000085e00000|100%| O|  |TAMS 0x0000000085e00000, 0x0000000085d00000| Untracked 
|  94|0x0000000085e00000, 0x0000000085f00000, 0x0000000085f00000|100%| O|  |TAMS 0x0000000085f00000, 0x0000000085e00000| Untracked 
|  95|0x0000000085f00000, 0x0000000086000000, 0x0000000086000000|100%| O|  |TAMS 0x0000000086000000, 0x0000000085f00000| Untracked 
|  96|0x0000000086000000, 0x0000000086100000, 0x0000000086100000|100%| O|  |TAMS 0x0000000086100000, 0x0000000086000000| Untracked 
|  97|0x0000000086100000, 0x0000000086200000, 0x0000000086200000|100%| O|  |TAMS 0x0000000086200000, 0x0000000086100000| Untracked 
|  98|0x0000000086200000, 0x0000000086300000, 0x0000000086300000|100%| O|  |TAMS 0x0000000086300000, 0x0000000086200000| Untracked 
|  99|0x0000000086300000, 0x0000000086400000, 0x0000000086400000|100%| O|  |TAMS 0x0000000086400000, 0x0000000086300000| Untracked 
| 100|0x0000000086400000, 0x0000000086500000, 0x0000000086500000|100%| O|  |TAMS 0x0000000086500000, 0x0000000086400000| Untracked 
| 101|0x0000000086500000, 0x0000000086600000, 0x0000000086600000|100%| O|  |TAMS 0x0000000086500000, 0x0000000086500000| Untracked 
| 102|0x0000000086600000, 0x0000000086700000, 0x0000000086700000|100%| O|  |TAMS 0x0000000086700000, 0x0000000086600000| Untracked 
| 103|0x0000000086700000, 0x0000000086800000, 0x0000000086800000|100%| O|  |TAMS 0x0000000086800000, 0x0000000086700000| Untracked 
| 104|0x0000000086800000, 0x0000000086900000, 0x0000000086900000|100%| O|  |TAMS 0x0000000086800000, 0x0000000086800000| Untracked 
| 105|0x0000000086900000, 0x0000000086a00000, 0x0000000086a00000|100%| O|  |TAMS 0x0000000086900000, 0x0000000086900000| Untracked 
| 106|0x0000000086a00000, 0x0000000086b00000, 0x0000000086b00000|100%| O|  |TAMS 0x0000000086a38e00, 0x0000000086a00000| Untracked 
| 107|0x0000000086b00000, 0x0000000086c00000, 0x0000000086c00000|100%| O|  |TAMS 0x0000000086b00000, 0x0000000086b00000| Untracked 
| 108|0x0000000086c00000, 0x0000000086d00000, 0x0000000086d00000|100%| O|  |TAMS 0x0000000086c00000, 0x0000000086c00000| Untracked 
| 109|0x0000000086d00000, 0x0000000086e00000, 0x0000000086e00000|100%| O|  |TAMS 0x0000000086d00000, 0x0000000086d00000| Untracked 
| 110|0x0000000086e00000, 0x0000000086f00000, 0x0000000086f00000|100%| O|  |TAMS 0x0000000086e00000, 0x0000000086e00000| Untracked 
| 111|0x0000000086f00000, 0x0000000087000000, 0x0000000087000000|100%| O|  |TAMS 0x0000000086f00000, 0x0000000086f00000| Untracked 
| 112|0x0000000087000000, 0x0000000087100000, 0x0000000087100000|100%| O|  |TAMS 0x0000000087000000, 0x0000000087000000| Untracked 
| 113|0x0000000087100000, 0x0000000087200000, 0x0000000087200000|100%| O|  |TAMS 0x0000000087100000, 0x0000000087100000| Untracked 
| 114|0x0000000087200000, 0x0000000087300000, 0x0000000087300000|100%| O|  |TAMS 0x0000000087200000, 0x0000000087200000| Untracked 
| 115|0x0000000087300000, 0x0000000087400000, 0x0000000087400000|100%| O|  |TAMS 0x0000000087300000, 0x0000000087300000| Untracked 
| 116|0x0000000087400000, 0x0000000087500000, 0x0000000087500000|100%| O|  |TAMS 0x0000000087400000, 0x0000000087400000| Untracked 
| 117|0x0000000087500000, 0x0000000087600000, 0x0000000087600000|100%| O|  |TAMS 0x0000000087500000, 0x0000000087500000| Untracked 
| 118|0x0000000087600000, 0x0000000087700000, 0x0000000087700000|100%| O|  |TAMS 0x0000000087600000, 0x0000000087600000| Untracked 
| 119|0x0000000087700000, 0x0000000087800000, 0x0000000087800000|100%| O|  |TAMS 0x0000000087700000, 0x0000000087700000| Untracked 
| 120|0x0000000087800000, 0x0000000087900000, 0x0000000087900000|100%| O|  |TAMS 0x0000000087800000, 0x0000000087800000| Untracked 
| 121|0x0000000087900000, 0x0000000087a00000, 0x0000000087a00000|100%| O|  |TAMS 0x0000000087900000, 0x0000000087900000| Untracked 
| 122|0x0000000087a00000, 0x0000000087b00000, 0x0000000087b00000|100%| O|  |TAMS 0x0000000087a00000, 0x0000000087a00000| Untracked 
| 123|0x0000000087b00000, 0x0000000087c00000, 0x0000000087c00000|100%| O|  |TAMS 0x0000000087b00000, 0x0000000087b00000| Untracked 
| 124|0x0000000087c00000, 0x0000000087d00000, 0x0000000087d00000|100%| O|  |TAMS 0x0000000087c00000, 0x0000000087c00000| Untracked 
| 125|0x0000000087d00000, 0x0000000087e00000, 0x0000000087e00000|100%| O|  |TAMS 0x0000000087d00000, 0x0000000087d00000| Untracked 
| 126|0x0000000087e00000, 0x0000000087f00000, 0x0000000087f00000|100%| O|  |TAMS 0x0000000087e00000, 0x0000000087e00000| Untracked 
| 127|0x0000000087f00000, 0x0000000088000000, 0x0000000088000000|100%| O|  |TAMS 0x0000000087f00000, 0x0000000087f00000| Untracked 
| 128|0x0000000088000000, 0x0000000088100000, 0x0000000088100000|100%| O|  |TAMS 0x0000000088000000, 0x0000000088000000| Untracked 
| 129|0x0000000088100000, 0x0000000088200000, 0x0000000088200000|100%| O|  |TAMS 0x0000000088100000, 0x0000000088100000| Untracked 
| 130|0x0000000088200000, 0x0000000088300000, 0x0000000088300000|100%| O|  |TAMS 0x0000000088200000, 0x0000000088200000| Untracked 
| 131|0x0000000088300000, 0x0000000088400000, 0x0000000088400000|100%| O|  |TAMS 0x0000000088300000, 0x0000000088300000| Untracked 
| 132|0x0000000088400000, 0x0000000088500000, 0x0000000088500000|100%| O|  |TAMS 0x0000000088400000, 0x0000000088400000| Untracked 
| 133|0x0000000088500000, 0x0000000088600000, 0x0000000088600000|100%| O|  |TAMS 0x0000000088500000, 0x0000000088500000| Untracked 
| 134|0x0000000088600000, 0x000000008864be00, 0x0000000088700000| 29%| O|  |TAMS 0x0000000088600000, 0x0000000088600000| Untracked 
| 135|0x0000000088700000, 0x0000000088700000, 0x0000000088800000|  0%| F|  |TAMS 0x0000000088700000, 0x0000000088700000| Untracked 
| 136|0x0000000088800000, 0x0000000088800000, 0x0000000088900000|  0%| F|  |TAMS 0x0000000088800000, 0x0000000088800000| Untracked 
| 137|0x0000000088900000, 0x0000000088900000, 0x0000000088a00000|  0%| F|  |TAMS 0x0000000088900000, 0x0000000088900000| Untracked 
| 138|0x0000000088a00000, 0x0000000088a00000, 0x0000000088b00000|  0%| F|  |TAMS 0x0000000088a00000, 0x0000000088a00000| Untracked 
| 139|0x0000000088b00000, 0x0000000088b00000, 0x0000000088c00000|  0%| F|  |TAMS 0x0000000088b00000, 0x0000000088b00000| Untracked 
| 140|0x0000000088c00000, 0x0000000088c00000, 0x0000000088d00000|  0%| F|  |TAMS 0x0000000088c00000, 0x0000000088c00000| Untracked 
| 141|0x0000000088d00000, 0x0000000088d00000, 0x0000000088e00000|  0%| F|  |TAMS 0x0000000088d00000, 0x0000000088d00000| Untracked 
| 142|0x0000000088e00000, 0x0000000088e00000, 0x0000000088f00000|  0%| F|  |TAMS 0x0000000088e00000, 0x0000000088e00000| Untracked 
| 143|0x0000000088f00000, 0x0000000088f00000, 0x0000000089000000|  0%| F|  |TAMS 0x0000000088f00000, 0x0000000088f00000| Untracked 
| 144|0x0000000089000000, 0x0000000089000000, 0x0000000089100000|  0%| F|  |TAMS 0x0000000089000000, 0x0000000089000000| Untracked 
| 145|0x0000000089100000, 0x0000000089100000, 0x0000000089200000|  0%| F|  |TAMS 0x0000000089100000, 0x0000000089100000| Untracked 
| 146|0x0000000089200000, 0x0000000089200000, 0x0000000089300000|  0%| F|  |TAMS 0x0000000089200000, 0x0000000089200000| Untracked 
| 147|0x0000000089300000, 0x0000000089300000, 0x0000000089400000|  0%| F|  |TAMS 0x0000000089300000, 0x0000000089300000| Untracked 
| 148|0x0000000089400000, 0x0000000089400000, 0x0000000089500000|  0%| F|  |TAMS 0x0000000089400000, 0x0000000089400000| Untracked 
| 149|0x0000000089500000, 0x0000000089500000, 0x0000000089600000|  0%| F|  |TAMS 0x0000000089500000, 0x0000000089500000| Untracked 
| 150|0x0000000089600000, 0x0000000089600000, 0x0000000089700000|  0%| F|  |TAMS 0x0000000089600000, 0x0000000089600000| Untracked 
| 151|0x0000000089700000, 0x0000000089700000, 0x0000000089800000|  0%| F|  |TAMS 0x0000000089700000, 0x0000000089700000| Untracked 
| 152|0x0000000089800000, 0x0000000089800000, 0x0000000089900000|  0%| F|  |TAMS 0x0000000089800000, 0x0000000089800000| Untracked 
| 153|0x0000000089900000, 0x0000000089900000, 0x0000000089a00000|  0%| F|  |TAMS 0x0000000089900000, 0x0000000089900000| Untracked 
| 154|0x0000000089a00000, 0x0000000089a00000, 0x0000000089b00000|  0%| F|  |TAMS 0x0000000089a00000, 0x0000000089a00000| Untracked 
| 155|0x0000000089b00000, 0x0000000089b00000, 0x0000000089c00000|  0%| F|  |TAMS 0x0000000089b00000, 0x0000000089b00000| Untracked 
| 156|0x0000000089c00000, 0x0000000089c00000, 0x0000000089d00000|  0%| F|  |TAMS 0x0000000089c00000, 0x0000000089c00000| Untracked 
| 157|0x0000000089d00000, 0x0000000089d00000, 0x0000000089e00000|  0%| F|  |TAMS 0x0000000089d00000, 0x0000000089d00000| Untracked 
| 158|0x0000000089e00000, 0x0000000089e00000, 0x0000000089f00000|  0%| F|  |TAMS 0x0000000089e00000, 0x0000000089e00000| Untracked 
| 159|0x0000000089f00000, 0x0000000089f00000, 0x000000008a000000|  0%| F|  |TAMS 0x0000000089f00000, 0x0000000089f00000| Untracked 
| 160|0x000000008a000000, 0x000000008a000000, 0x000000008a100000|  0%| F|  |TAMS 0x000000008a000000, 0x000000008a000000| Untracked 
| 161|0x000000008a100000, 0x000000008a100000, 0x000000008a200000|  0%| F|  |TAMS 0x000000008a100000, 0x000000008a100000| Untracked 
| 162|0x000000008a200000, 0x000000008a200000, 0x000000008a300000|  0%| F|  |TAMS 0x000000008a200000, 0x000000008a200000| Untracked 
| 163|0x000000008a300000, 0x000000008a30c010, 0x000000008a400000|  4%| S|CS|TAMS 0x000000008a300000, 0x000000008a300000| Complete 
| 164|0x000000008a400000, 0x000000008a400000, 0x000000008a500000|  0%| F|  |TAMS 0x000000008a400000, 0x000000008a400000| Untracked 
| 165|0x000000008a500000, 0x000000008a500000, 0x000000008a600000|  0%| F|  |TAMS 0x000000008a500000, 0x000000008a500000| Untracked 
| 166|0x000000008a600000, 0x000000008a700000, 0x000000008a700000|100%| S|CS|TAMS 0x000000008a600000, 0x000000008a600000| Complete 
| 167|0x000000008a700000, 0x000000008a800000, 0x000000008a800000|100%| S|CS|TAMS 0x000000008a700000, 0x000000008a700000| Complete 
| 168|0x000000008a800000, 0x000000008a800000, 0x000000008a900000|  0%| F|  |TAMS 0x000000008a800000, 0x000000008a800000| Untracked 
| 169|0x000000008a900000, 0x000000008a900000, 0x000000008aa00000|  0%| F|  |TAMS 0x000000008a900000, 0x000000008a900000| Untracked 
| 170|0x000000008aa00000, 0x000000008aa00000, 0x000000008ab00000|  0%| F|  |TAMS 0x000000008aa00000, 0x000000008aa00000| Untracked 
| 171|0x000000008ab00000, 0x000000008ab00000, 0x000000008ac00000|  0%| F|  |TAMS 0x000000008ab00000, 0x000000008ab00000| Untracked 
| 172|0x000000008ac00000, 0x000000008ac00000, 0x000000008ad00000|  0%| F|  |TAMS 0x000000008ac00000, 0x000000008ac00000| Untracked 
| 173|0x000000008ad00000, 0x000000008ad00000, 0x000000008ae00000|  0%| F|  |TAMS 0x000000008ad00000, 0x000000008ad00000| Untracked 
| 174|0x000000008ae00000, 0x000000008ae00000, 0x000000008af00000|  0%| F|  |TAMS 0x000000008ae00000, 0x000000008ae00000| Untracked 
| 175|0x000000008af00000, 0x000000008af00000, 0x000000008b000000|  0%| F|  |TAMS 0x000000008af00000, 0x000000008af00000| Untracked 
| 176|0x000000008b000000, 0x000000008b000000, 0x000000008b100000|  0%| F|  |TAMS 0x000000008b000000, 0x000000008b000000| Untracked 
| 177|0x000000008b100000, 0x000000008b100000, 0x000000008b200000|  0%| F|  |TAMS 0x000000008b100000, 0x000000008b100000| Untracked 
| 178|0x000000008b200000, 0x000000008b200000, 0x000000008b300000|  0%| F|  |TAMS 0x000000008b200000, 0x000000008b200000| Untracked 
| 179|0x000000008b300000, 0x000000008b300000, 0x000000008b400000|  0%| F|  |TAMS 0x000000008b300000, 0x000000008b300000| Untracked 
| 180|0x000000008b400000, 0x000000008b400000, 0x000000008b500000|  0%| F|  |TAMS 0x000000008b400000, 0x000000008b400000| Untracked 
| 181|0x000000008b500000, 0x000000008b500000, 0x000000008b600000|  0%| F|  |TAMS 0x000000008b500000, 0x000000008b500000| Untracked 
| 182|0x000000008b600000, 0x000000008b600000, 0x000000008b700000|  0%| F|  |TAMS 0x000000008b600000, 0x000000008b600000| Untracked 
| 183|0x000000008b700000, 0x000000008b700000, 0x000000008b800000|  0%| F|  |TAMS 0x000000008b700000, 0x000000008b700000| Untracked 
| 184|0x000000008b800000, 0x000000008b800000, 0x000000008b900000|  0%| F|  |TAMS 0x000000008b800000, 0x000000008b800000| Untracked 
| 185|0x000000008b900000, 0x000000008b900000, 0x000000008ba00000|  0%| F|  |TAMS 0x000000008b900000, 0x000000008b900000| Untracked 
| 186|0x000000008ba00000, 0x000000008ba00000, 0x000000008bb00000|  0%| F|  |TAMS 0x000000008ba00000, 0x000000008ba00000| Untracked 
| 187|0x000000008bb00000, 0x000000008bb00000, 0x000000008bc00000|  0%| F|  |TAMS 0x000000008bb00000, 0x000000008bb00000| Untracked 
| 188|0x000000008bc00000, 0x000000008bc00000, 0x000000008bd00000|  0%| F|  |TAMS 0x000000008bc00000, 0x000000008bc00000| Untracked 
| 189|0x000000008bd00000, 0x000000008bd00000, 0x000000008be00000|  0%| F|  |TAMS 0x000000008bd00000, 0x000000008bd00000| Untracked 
| 190|0x000000008be00000, 0x000000008be00000, 0x000000008bf00000|  0%| F|  |TAMS 0x000000008be00000, 0x000000008be00000| Untracked 
| 191|0x000000008bf00000, 0x000000008bf00000, 0x000000008c000000|  0%| F|  |TAMS 0x000000008bf00000, 0x000000008bf00000| Untracked 
| 192|0x000000008c000000, 0x000000008c000000, 0x000000008c100000|  0%| F|  |TAMS 0x000000008c000000, 0x000000008c000000| Untracked 
| 193|0x000000008c100000, 0x000000008c100000, 0x000000008c200000|  0%| F|  |TAMS 0x000000008c100000, 0x000000008c100000| Untracked 
| 194|0x000000008c200000, 0x000000008c200000, 0x000000008c300000|  0%| F|  |TAMS 0x000000008c200000, 0x000000008c200000| Untracked 
| 195|0x000000008c300000, 0x000000008c300000, 0x000000008c400000|  0%| F|  |TAMS 0x000000008c300000, 0x000000008c300000| Untracked 
| 196|0x000000008c400000, 0x000000008c400000, 0x000000008c500000|  0%| F|  |TAMS 0x000000008c400000, 0x000000008c400000| Untracked 
| 197|0x000000008c500000, 0x000000008c500000, 0x000000008c600000|  0%| F|  |TAMS 0x000000008c500000, 0x000000008c500000| Untracked 
| 198|0x000000008c600000, 0x000000008c600000, 0x000000008c700000|  0%| F|  |TAMS 0x000000008c600000, 0x000000008c600000| Untracked 
| 199|0x000000008c700000, 0x000000008c700000, 0x000000008c800000|  0%| F|  |TAMS 0x000000008c700000, 0x000000008c700000| Untracked 
| 200|0x000000008c800000, 0x000000008c800000, 0x000000008c900000|  0%| F|  |TAMS 0x000000008c800000, 0x000000008c800000| Untracked 
| 201|0x000000008c900000, 0x000000008c900000, 0x000000008ca00000|  0%| F|  |TAMS 0x000000008c900000, 0x000000008c900000| Untracked 
| 202|0x000000008ca00000, 0x000000008ca00000, 0x000000008cb00000|  0%| F|  |TAMS 0x000000008ca00000, 0x000000008ca00000| Untracked 
| 203|0x000000008cb00000, 0x000000008cb00000, 0x000000008cc00000|  0%| F|  |TAMS 0x000000008cb00000, 0x000000008cb00000| Untracked 
| 204|0x000000008cc00000, 0x000000008cc00000, 0x000000008cd00000|  0%| F|  |TAMS 0x000000008cc00000, 0x000000008cc00000| Untracked 
| 205|0x000000008cd00000, 0x000000008cd00000, 0x000000008ce00000|  0%| F|  |TAMS 0x000000008cd00000, 0x000000008cd00000| Untracked 
| 206|0x000000008ce00000, 0x000000008ce00000, 0x000000008cf00000|  0%| F|  |TAMS 0x000000008ce00000, 0x000000008ce00000| Untracked 
| 207|0x000000008cf00000, 0x000000008cf00000, 0x000000008d000000|  0%| F|  |TAMS 0x000000008cf00000, 0x000000008cf00000| Untracked 
| 208|0x000000008d000000, 0x000000008d000000, 0x000000008d100000|  0%| F|  |TAMS 0x000000008d000000, 0x000000008d000000| Untracked 
| 209|0x000000008d100000, 0x000000008d100000, 0x000000008d200000|  0%| F|  |TAMS 0x000000008d100000, 0x000000008d100000| Untracked 
| 210|0x000000008d200000, 0x000000008d200000, 0x000000008d300000|  0%| F|  |TAMS 0x000000008d200000, 0x000000008d200000| Untracked 
| 211|0x000000008d300000, 0x000000008d300000, 0x000000008d400000|  0%| F|  |TAMS 0x000000008d300000, 0x000000008d300000| Untracked 
| 212|0x000000008d400000, 0x000000008d400000, 0x000000008d500000|  0%| F|  |TAMS 0x000000008d400000, 0x000000008d400000| Untracked 
| 213|0x000000008d500000, 0x000000008d500000, 0x000000008d600000|  0%| F|  |TAMS 0x000000008d500000, 0x000000008d500000| Untracked 
| 214|0x000000008d600000, 0x000000008d600000, 0x000000008d700000|  0%| F|  |TAMS 0x000000008d600000, 0x000000008d600000| Untracked 
| 215|0x000000008d700000, 0x000000008d700000, 0x000000008d800000|  0%| F|  |TAMS 0x000000008d700000, 0x000000008d700000| Untracked 
| 216|0x000000008d800000, 0x000000008d800000, 0x000000008d900000|  0%| F|  |TAMS 0x000000008d800000, 0x000000008d800000| Untracked 
| 217|0x000000008d900000, 0x000000008d900000, 0x000000008da00000|  0%| F|  |TAMS 0x000000008d900000, 0x000000008d900000| Untracked 
| 218|0x000000008da00000, 0x000000008da00000, 0x000000008db00000|  0%| F|  |TAMS 0x000000008da00000, 0x000000008da00000| Untracked 
| 219|0x000000008db00000, 0x000000008db00000, 0x000000008dc00000|  0%| F|  |TAMS 0x000000008db00000, 0x000000008db00000| Untracked 
| 220|0x000000008dc00000, 0x000000008dc00000, 0x000000008dd00000|  0%| F|  |TAMS 0x000000008dc00000, 0x000000008dc00000| Untracked 
| 221|0x000000008dd00000, 0x000000008dd00000, 0x000000008de00000|  0%| F|  |TAMS 0x000000008dd00000, 0x000000008dd00000| Untracked 
| 222|0x000000008de00000, 0x000000008de00000, 0x000000008df00000|  0%| F|  |TAMS 0x000000008de00000, 0x000000008de00000| Untracked 
| 223|0x000000008df00000, 0x000000008df00000, 0x000000008e000000|  0%| F|  |TAMS 0x000000008df00000, 0x000000008df00000| Untracked 
| 224|0x000000008e000000, 0x000000008e000000, 0x000000008e100000|  0%| F|  |TAMS 0x000000008e000000, 0x000000008e000000| Untracked 
| 225|0x000000008e100000, 0x000000008e100000, 0x000000008e200000|  0%| F|  |TAMS 0x000000008e100000, 0x000000008e100000| Untracked 
| 226|0x000000008e200000, 0x000000008e200000, 0x000000008e300000|  0%| F|  |TAMS 0x000000008e200000, 0x000000008e200000| Untracked 
| 227|0x000000008e300000, 0x000000008e300000, 0x000000008e400000|  0%| F|  |TAMS 0x000000008e300000, 0x000000008e300000| Untracked 
| 228|0x000000008e400000, 0x000000008e400000, 0x000000008e500000|  0%| F|  |TAMS 0x000000008e400000, 0x000000008e400000| Untracked 
| 229|0x000000008e500000, 0x000000008e500000, 0x000000008e600000|  0%| F|  |TAMS 0x000000008e500000, 0x000000008e500000| Untracked 
| 230|0x000000008e600000, 0x000000008e600000, 0x000000008e700000|  0%| F|  |TAMS 0x000000008e600000, 0x000000008e600000| Untracked 
| 231|0x000000008e700000, 0x000000008e700000, 0x000000008e800000|  0%| F|  |TAMS 0x000000008e700000, 0x000000008e700000| Untracked 
| 232|0x000000008e800000, 0x000000008e800000, 0x000000008e900000|  0%| F|  |TAMS 0x000000008e800000, 0x000000008e800000| Untracked 
| 233|0x000000008e900000, 0x000000008e900000, 0x000000008ea00000|  0%| F|  |TAMS 0x000000008e900000, 0x000000008e900000| Untracked 
| 234|0x000000008ea00000, 0x000000008ea00000, 0x000000008eb00000|  0%| F|  |TAMS 0x000000008ea00000, 0x000000008ea00000| Untracked 
| 235|0x000000008eb00000, 0x000000008eb00000, 0x000000008ec00000|  0%| F|  |TAMS 0x000000008eb00000, 0x000000008eb00000| Untracked 
| 236|0x000000008ec00000, 0x000000008ec00000, 0x000000008ed00000|  0%| F|  |TAMS 0x000000008ec00000, 0x000000008ec00000| Untracked 
| 237|0x000000008ed00000, 0x000000008ed00000, 0x000000008ee00000|  0%| F|  |TAMS 0x000000008ed00000, 0x000000008ed00000| Untracked 
| 238|0x000000008ee00000, 0x000000008ee00000, 0x000000008ef00000|  0%| F|  |TAMS 0x000000008ee00000, 0x000000008ee00000| Untracked 
| 239|0x000000008ef00000, 0x000000008ef00000, 0x000000008f000000|  0%| F|  |TAMS 0x000000008ef00000, 0x000000008ef00000| Untracked 
| 240|0x000000008f000000, 0x000000008f000000, 0x000000008f100000|  0%| F|  |TAMS 0x000000008f000000, 0x000000008f000000| Untracked 
| 241|0x000000008f100000, 0x000000008f100000, 0x000000008f200000|  0%| F|  |TAMS 0x000000008f100000, 0x000000008f100000| Untracked 
| 242|0x000000008f200000, 0x000000008f200000, 0x000000008f300000|  0%| F|  |TAMS 0x000000008f200000, 0x000000008f200000| Untracked 
| 243|0x000000008f300000, 0x000000008f300000, 0x000000008f400000|  0%| F|  |TAMS 0x000000008f300000, 0x000000008f300000| Untracked 
| 244|0x000000008f400000, 0x000000008f400000, 0x000000008f500000|  0%| F|  |TAMS 0x000000008f400000, 0x000000008f400000| Untracked 
| 245|0x000000008f500000, 0x000000008f500000, 0x000000008f600000|  0%| F|  |TAMS 0x000000008f500000, 0x000000008f500000| Untracked 
| 246|0x000000008f600000, 0x000000008f600000, 0x000000008f700000|  0%| F|  |TAMS 0x000000008f600000, 0x000000008f600000| Untracked 
| 247|0x000000008f700000, 0x000000008f700000, 0x000000008f800000|  0%| F|  |TAMS 0x000000008f700000, 0x000000008f700000| Untracked 
| 248|0x000000008f800000, 0x000000008f800000, 0x000000008f900000|  0%| F|  |TAMS 0x000000008f800000, 0x000000008f800000| Untracked 
| 249|0x000000008f900000, 0x000000008f900000, 0x000000008fa00000|  0%| F|  |TAMS 0x000000008f900000, 0x000000008f900000| Untracked 
| 250|0x000000008fa00000, 0x000000008fa00000, 0x000000008fb00000|  0%| F|  |TAMS 0x000000008fa00000, 0x000000008fa00000| Untracked 
| 251|0x000000008fb00000, 0x000000008fb00000, 0x000000008fc00000|  0%| F|  |TAMS 0x000000008fb00000, 0x000000008fb00000| Untracked 
| 252|0x000000008fc00000, 0x000000008fc00000, 0x000000008fd00000|  0%| F|  |TAMS 0x000000008fc00000, 0x000000008fc00000| Untracked 
| 253|0x000000008fd00000, 0x000000008fd00000, 0x000000008fe00000|  0%| F|  |TAMS 0x000000008fd00000, 0x000000008fd00000| Untracked 

Card table byte_map: [0x0000023297770000,0x0000023297b70000] _byte_map_base: 0x0000023297370000

Marking Bits (Prev, Next): (CMBitMap*) 0x00000232849a97a0, (CMBitMap*) 0x00000232849a9760
 Prev Bits: [0x0000023299f70000, 0x000002329bf70000)
 Next Bits: [0x0000023297f70000, 0x0000023299f70000)

Polling page: 0x0000023284000000

Metaspace:

Usage:
  Non-class:    106.24 MB used.
      Class:     16.48 MB used.
       Both:    122.73 MB used.

Virtual space:
  Non-class space:      128.00 MB reserved,     106.75 MB ( 83%) committed,  2 nodes.
      Class space:        1.00 GB reserved,      16.94 MB (  2%) committed,  1 nodes.
             Both:        1.12 GB reserved,     123.69 MB ( 11%) committed. 

Chunk freelists:
   Non-Class:  4.72 MB
       Class:  14.95 MB
        Both:  19.67 MB

MaxMetaspaceSize: unlimited
CompressedClassSpaceSize: 1.00 GB
Initial GC threshold: 21.00 MB
Current GC threshold: 188.56 MB
CDS: off
MetaspaceReclaimPolicy: balanced
 - commit_granule_bytes: 65536.
 - commit_granule_words: 8192.
 - virtual_space_node_default_size: 8388608.
 - enlarge_chunks_in_place: 1.
 - new_chunks_are_fully_committed: 0.
 - uncommit_free_chunks: 1.
 - use_allocation_guard: 0.
 - handle_deallocations: 1.


Internal statistics:

num_allocs_failed_limit: 9.
num_arena_births: 1684.
num_arena_deaths: 22.
num_vsnodes_births: 3.
num_vsnodes_deaths: 0.
num_space_committed: 1977.
num_space_uncommitted: 0.
num_chunks_returned_to_freelist: 42.
num_chunks_taken_from_freelist: 6548.
num_chunk_merges: 24.
num_chunk_splits: 4226.
num_chunks_enlarged: 2668.
num_inconsistent_stats: 0.

CodeHeap 'non-profiled nmethods': size=120000Kb used=9790Kb max_used=9790Kb free=110209Kb
 bounds [0x000002328f8e0000, 0x0000023290270000, 0x0000023296e10000]
CodeHeap 'profiled nmethods': size=120000Kb used=31939Kb max_used=31939Kb free=88060Kb
 bounds [0x0000023287e10000, 0x0000023289d50000, 0x000002328f340000]
CodeHeap 'non-nmethods': size=5760Kb used=2486Kb max_used=2632Kb free=3273Kb
 bounds [0x000002328f340000, 0x000002328f5f0000, 0x000002328f8e0000]
 total_blobs=16761 nmethods=15726 adapters=945
 compilation: enabled
              stopped_count=0, restarted_count=0
 full_count=0

Compilation events (20 events):
Event: 351.030 Thread 0x000002329ed3ee20 18202       2       java.util.concurrent.ConcurrentHashMap$KeySetView::remove (17 bytes)
Event: 351.030 Thread 0x000002329ed3ee20 nmethod 18202 0x0000023289d3ec90 code [0x0000023289d3ee40, 0x0000023289d3ef88]
Event: 351.033 Thread 0x000002329ed3ee20 18203       1       org.gradle.api.internal.artifacts.transform.DefaultTransformerInvocationFactory$AbstractTransformerExecution$2::getOutput (5 bytes)
Event: 351.033 Thread 0x000002329ed3ee20 nmethod 18203 0x0000023290269d10 code [0x0000023290269ea0, 0x0000023290269f78]
Event: 351.036 Thread 0x00000232aa041d90 nmethod 18175 0x000002329026a010 code [0x000002329026a200, 0x000002329026ba38]
Event: 351.036 Thread 0x00000232aa041d90 18199 %     4       java.util.ComparableTimSort::binarySort @ 32 (223 bytes)
Event: 351.037 Thread 0x000002329ed3ee20 18204       2       java.nio.MappedByteBuffer::limit (6 bytes)
Event: 351.037 Thread 0x000002329ed3ee20 nmethod 18204 0x0000023289d3f090 code [0x0000023289d3f220, 0x0000023289d3f348]
Event: 351.039 Thread 0x000002329ed3ee20 18205       2       org.gradle.api.internal.artifacts.transform.TransformationResult$Builder$$Lambda$1631/0x0000000100e3e820::accept (12 bytes)
Event: 351.040 Thread 0x000002329ed3ee20 nmethod 18205 0x0000023289d3f410 code [0x0000023289d3f5c0, 0x0000023289d3f788]
Event: 351.040 Thread 0x000002329ed3ee20 18206       2       org.gradle.api.internal.artifacts.transform.TransformationResult$Builder::lambda$convertToProducedOutputLocations$0 (13 bytes)
Event: 351.040 Thread 0x000002329ed3ee20 nmethod 18206 0x0000023289d3f890 code [0x0000023289d3fa40, 0x0000023289d3fb88]
Event: 351.040 Thread 0x000002329ed3ee20 18207       2       org.gradle.caching.internal.origin.OriginMetadata::<init> (15 bytes)
Event: 351.040 Thread 0x000002329ed3ee20 nmethod 18207 0x0000023289d3fc90 code [0x0000023289d3fe20, 0x0000023289d3ffd8]
Event: 351.041 Thread 0x000002329ed3ee20 18208       2       org.gradle.internal.logging.sink.ProgressLogEventGenerator::onComplete (42 bytes)
Event: 351.041 Thread 0x00000232aa045540 nmethod 18137 0x000002329026c510 code [0x000002329026c7e0, 0x000002329026eac8]
Event: 351.041 Thread 0x00000232aa045540 18209       4       org.gradle.internal.file.FileHierarchySet$Node::plus (337 bytes)
Event: 351.041 Thread 0x000002329ed3ee20 nmethod 18208 0x0000023289d40090 code [0x0000023289d40280, 0x0000023289d40558]
Event: 351.042 Thread 0x000002329ed3ee20 18210       2       org.gradle.internal.execution.history.impl.DefaultPreviousExecutionState::<init> (28 bytes)
Event: 351.042 Thread 0x000002329ed3ee20 nmethod 18210 0x0000023289d40710 code [0x0000023289d408c0, 0x0000023289d40bf8]

GC Heap History (20 events):
Event: 18.359 GC heap after
{Heap after GC invocations=60 (full 0):
 garbage-first heap   total 232448K, used 114363K [0x0000000080000000, 0x0000000100000000)
  region size 1024K, 2 young (2048K), 2 survivors (2048K)
 Metaspace       used 116258K, committed 117120K, reserved 1179648K
  class space    used 15714K, committed 16128K, reserved 1048576K
}
Event: 18.491 GC heap before
{Heap before GC invocations=60 (full 0):
 garbage-first heap   total 232448K, used 191163K [0x0000000080000000, 0x0000000100000000)
  region size 1024K, 77 young (78848K), 2 survivors (2048K)
 Metaspace       used 116259K, committed 117120K, reserved 1179648K
  class space    used 15714K, committed 16128K, reserved 1048576K
}
Event: 18.492 GC heap after
{Heap after GC invocations=61 (full 0):
 garbage-first heap   total 232448K, used 114491K [0x0000000080000000, 0x0000000100000000)
  region size 1024K, 2 young (2048K), 2 survivors (2048K)
 Metaspace       used 116259K, committed 117120K, reserved 1179648K
  class space    used 15714K, committed 16128K, reserved 1048576K
}
Event: 27.683 GC heap before
{Heap before GC invocations=61 (full 0):
 garbage-first heap   total 232448K, used 193339K [0x0000000080000000, 0x0000000100000000)
  region size 1024K, 80 young (81920K), 2 survivors (2048K)
 Metaspace       used 120372K, committed 121280K, reserved 1179648K
  class space    used 16301K, committed 16768K, reserved 1048576K
}
Event: 27.687 GC heap after
{Heap after GC invocations=62 (full 0):
 garbage-first heap   total 232448K, used 116357K [0x0000000080000000, 0x0000000100000000)
  region size 1024K, 6 young (6144K), 6 survivors (6144K)
 Metaspace       used 120372K, committed 121280K, reserved 1179648K
  class space    used 16301K, committed 16768K, reserved 1048576K
}
Event: 301.372 GC heap before
{Heap before GC invocations=62 (full 0):
 garbage-first heap   total 232448K, used 195205K [0x0000000080000000, 0x0000000100000000)
  region size 1024K, 83 young (84992K), 6 survivors (6144K)
 Metaspace       used 122211K, committed 123136K, reserved 1179648K
  class space    used 16506K, committed 16960K, reserved 1048576K
}
Event: 301.379 GC heap after
{Heap after GC invocations=63 (full 0):
 garbage-first heap   total 232448K, used 122577K [0x0000000080000000, 0x0000000100000000)
  region size 1024K, 11 young (11264K), 11 survivors (11264K)
 Metaspace       used 122211K, committed 123136K, reserved 1179648K
  class space    used 16506K, committed 16960K, reserved 1048576K
}
Event: 349.847 GC heap before
{Heap before GC invocations=63 (full 0):
 garbage-first heap   total 232448K, used 193233K [0x0000000080000000, 0x0000000100000000)
  region size 1024K, 81 young (82944K), 11 survivors (11264K)
 Metaspace       used 122820K, committed 123776K, reserved 1179648K
  class space    used 16543K, committed 17024K, reserved 1048576K
}
Event: 349.855 GC heap after
{Heap after GC invocations=64 (full 0):
 garbage-first heap   total 232448K, used 130600K [0x0000000080000000, 0x0000000100000000)
  region size 1024K, 9 young (9216K), 9 survivors (9216K)
 Metaspace       used 122820K, committed 123776K, reserved 1179648K
  class space    used 16543K, committed 17024K, reserved 1048576K
}
Event: 350.396 GC heap before
{Heap before GC invocations=64 (full 0):
 garbage-first heap   total 232448K, used 191016K [0x0000000080000000, 0x0000000100000000)
  region size 1024K, 69 young (70656K), 9 survivors (9216K)
 Metaspace       used 125016K, committed 126016K, reserved 1179648K
  class space    used 16820K, committed 17344K, reserved 1048576K
}
Event: 350.404 GC heap after
{Heap after GC invocations=65 (full 0):
 garbage-first heap   total 232448K, used 137624K [0x0000000080000000, 0x0000000100000000)
  region size 1024K, 7 young (7168K), 7 survivors (7168K)
 Metaspace       used 125016K, committed 126016K, reserved 1179648K
  class space    used 16820K, committed 17344K, reserved 1048576K
}
Event: 350.762 GC heap before
{Heap before GC invocations=65 (full 0):
 garbage-first heap   total 232448K, used 191896K [0x0000000080000000, 0x0000000100000000)
  region size 1024K, 61 young (62464K), 7 survivors (7168K)
 Metaspace       used 125568K, committed 126464K, reserved 1179648K
  class space    used 16877K, committed 17344K, reserved 1048576K
}
Event: 350.767 GC heap after
{Heap after GC invocations=66 (full 0):
 garbage-first heap   total 232448K, used 139704K [0x0000000080000000, 0x0000000100000000)
  region size 1024K, 3 young (3072K), 3 survivors (3072K)
 Metaspace       used 125568K, committed 126464K, reserved 1179648K
  class space    used 16877K, committed 17344K, reserved 1048576K
}
Event: 350.815 GC heap before
{Heap before GC invocations=66 (full 0):
 garbage-first heap   total 232448K, used 192952K [0x0000000080000000, 0x0000000100000000)
  region size 1024K, 56 young (57344K), 3 survivors (3072K)
 Metaspace       used 125600K, committed 126528K, reserved 1179648K
  class space    used 16877K, committed 17344K, reserved 1048576K
}
Event: 350.817 GC heap after
{Heap after GC invocations=67 (full 0):
 garbage-first heap   total 232448K, used 139843K [0x0000000080000000, 0x0000000100000000)
  region size 1024K, 3 young (3072K), 3 survivors (3072K)
 Metaspace       used 125600K, committed 126528K, reserved 1179648K
  class space    used 16877K, committed 17344K, reserved 1048576K
}
Event: 350.870 GC heap before
{Heap before GC invocations=67 (full 0):
 garbage-first heap   total 232448K, used 195139K [0x0000000080000000, 0x0000000100000000)
  region size 1024K, 58 young (59392K), 3 survivors (3072K)
 Metaspace       used 125613K, committed 126592K, reserved 1179648K
  class space    used 16877K, committed 17344K, reserved 1048576K
}
Event: 350.872 GC heap after
{Heap after GC invocations=68 (full 0):
 garbage-first heap   total 232448K, used 139653K [0x0000000080000000, 0x0000000100000000)
  region size 1024K, 3 young (3072K), 3 survivors (3072K)
 Metaspace       used 125613K, committed 126592K, reserved 1179648K
  class space    used 16877K, committed 17344K, reserved 1048576K
}
Event: 350.942 GC heap before
{Heap before GC invocations=68 (full 0):
 garbage-first heap   total 232448K, used 196997K [0x0000000080000000, 0x0000000100000000)
  region size 1024K, 60 young (61440K), 3 survivors (3072K)
 Metaspace       used 125655K, committed 126656K, reserved 1179648K
  class space    used 16878K, committed 17344K, reserved 1048576K
}
Event: 350.944 GC heap after
{Heap after GC invocations=69 (full 0):
 garbage-first heap   total 232448K, used 140382K [0x0000000080000000, 0x0000000100000000)
  region size 1024K, 3 young (3072K), 3 survivors (3072K)
 Metaspace       used 125655K, committed 126656K, reserved 1179648K
  class space    used 16878K, committed 17344K, reserved 1048576K
}
Event: 351.043 GC heap before
{Heap before GC invocations=69 (full 0):
 garbage-first heap   total 232448K, used 198750K [0x0000000080000000, 0x0000000100000000)
  region size 1024K, 61 young (62464K), 3 survivors (3072K)
 Metaspace       used 125673K, committed 126656K, reserved 1179648K
  class space    used 16878K, committed 17344K, reserved 1048576K
}

Dll operation events (3 events):
Event: 0.019 Loaded shared library C:\Users\AHMEDHOSNY\AppData\Local\JetBrains\Toolbox\apps\AndroidStudio\ch-1\231.9225.16.2311.10533651\jbr\bin\java.dll
Event: 0.182 Loaded shared library C:\Users\AHMEDHOSNY\AppData\Local\JetBrains\Toolbox\apps\AndroidStudio\ch-1\231.9225.16.2311.10533651\jbr\bin\zip.dll
Event: 0.450 Loaded shared library C:\Users\AHMEDHOSNY\AppData\Local\JetBrains\Toolbox\apps\AndroidStudio\ch-1\231.9225.16.2311.10533651\jbr\bin\verify.dll

Deoptimization events (20 events):
Event: 350.753 Thread 0x00000232b01d3e20 Uncommon trap: trap_request=0xffffffd6 fr.pc=0x000002328fd04e6c relative=0x000000000000082c
Event: 350.753 Thread 0x00000232b01d3e20 Uncommon trap: reason=array_check action=maybe_recompile pc=0x000002328fd04e6c method=java.util.ComparableTimSort.binarySort([Ljava/lang/Object;III)V @ 193 c2
Event: 350.753 Thread 0x00000232b01d3e20 DEOPT PACKING pc=0x000002328fd04e6c sp=0x000000a3853fb420
Event: 350.753 Thread 0x00000232b01d3e20 DEOPT UNPACKING pc=0x000002328f3969a3 sp=0x000000a3853fb3c0 mode 2
Event: 350.753 Thread 0x00000232b01d3e20 Uncommon trap: trap_request=0xffffffd6 fr.pc=0x000002328fd04e6c relative=0x000000000000082c
Event: 350.754 Thread 0x00000232b01d3e20 Uncommon trap: reason=array_check action=maybe_recompile pc=0x000002328fd04e6c method=java.util.ComparableTimSort.binarySort([Ljava/lang/Object;III)V @ 193 c2
Event: 350.754 Thread 0x00000232b01d3e20 DEOPT PACKING pc=0x000002328fd04e6c sp=0x000000a3853fb420
Event: 350.754 Thread 0x00000232b01d3e20 DEOPT UNPACKING pc=0x000002328f3969a3 sp=0x000000a3853fb3c0 mode 2
Event: 350.822 Thread 0x00000232a569f1d0 Uncommon trap: trap_request=0xffffff45 fr.pc=0x000002328f9b8898 relative=0x00000000000033b8
Event: 350.822 Thread 0x00000232a569f1d0 Uncommon trap: reason=unstable_if action=reinterpret pc=0x000002328f9b8898 method=java.util.zip.ZipFile$Source.initCEN(I)V @ 16 c2
Event: 350.822 Thread 0x00000232a569f1d0 DEOPT PACKING pc=0x000002328f9b8898 sp=0x000000a3851fb140
Event: 350.822 Thread 0x00000232a569f1d0 DEOPT UNPACKING pc=0x000002328f3969a3 sp=0x000000a3851fb138 mode 2
Event: 350.875 Thread 0x00000232a63156a0 Uncommon trap: trap_request=0xffffff45 fr.pc=0x000002328fe6b114 relative=0x0000000000000094
Event: 350.875 Thread 0x00000232a63156a0 Uncommon trap: reason=unstable_if action=reinterpret pc=0x000002328fe6b114 method=com.google.common.cache.LongAdder.add(J)V @ 24 c2
Event: 350.875 Thread 0x00000232a63156a0 DEOPT PACKING pc=0x000002328fe6b114 sp=0x000000a384cfa5c0
Event: 350.875 Thread 0x00000232a63156a0 DEOPT UNPACKING pc=0x000002328f3969a3 sp=0x000000a384cfa500 mode 2
Event: 350.887 Thread 0x00000232a77ed680 Uncommon trap: trap_request=0xffffff45 fr.pc=0x00000232901032f4 relative=0x0000000000000f74
Event: 350.887 Thread 0x00000232a77ed680 Uncommon trap: reason=unstable_if action=reinterpret pc=0x00000232901032f4 method=com.esotericsoftware.kryo.io.Output.writeVarLong(JZ)I @ 213 c2
Event: 350.887 Thread 0x00000232a77ed680 DEOPT PACKING pc=0x00000232901032f4 sp=0x000000a3f7cfe1b0
Event: 350.887 Thread 0x00000232a77ed680 DEOPT UNPACKING pc=0x000002328f3969a3 sp=0x000000a3f7cfe1b0 mode 2

Classes unloaded (11 events):
Event: 16.756 Thread 0x000002329eacaed0 Unloading class 0x0000000100e42c00 'java/lang/invoke/LambdaForm$DMH+0x0000000100e42c00'
Event: 16.756 Thread 0x000002329eacaed0 Unloading class 0x0000000100e42800 'java/lang/invoke/LambdaForm$DMH+0x0000000100e42800'
Event: 16.756 Thread 0x000002329eacaed0 Unloading class 0x0000000100e42400 'java/lang/invoke/LambdaForm$DMH+0x0000000100e42400'
Event: 16.756 Thread 0x000002329eacaed0 Unloading class 0x0000000100e42000 'java/lang/invoke/LambdaForm$DMH+0x0000000100e42000'
Event: 16.756 Thread 0x000002329eacaed0 Unloading class 0x0000000100e41c00 'java/lang/invoke/LambdaForm$DMH+0x0000000100e41c00'
Event: 16.756 Thread 0x000002329eacaed0 Unloading class 0x0000000100e40c00 'java/lang/invoke/LambdaForm$DMH+0x0000000100e40c00'
Event: 16.756 Thread 0x000002329eacaed0 Unloading class 0x0000000100e40400 'java/lang/invoke/LambdaForm$DMH+0x0000000100e40400'
Event: 16.756 Thread 0x000002329eacaed0 Unloading class 0x0000000100e41000 'java/lang/invoke/LambdaForm$DMH+0x0000000100e41000'
Event: 16.756 Thread 0x000002329eacaed0 Unloading class 0x0000000100e41800 'java/lang/invoke/LambdaForm$DMH+0x0000000100e41800'
Event: 16.756 Thread 0x000002329eacaed0 Unloading class 0x0000000100e41400 'java/lang/invoke/LambdaForm$DMH+0x0000000100e41400'
Event: 16.756 Thread 0x000002329eacaed0 Unloading class 0x0000000100e40800 'java/lang/invoke/LambdaForm$DMH+0x0000000100e40800'

Classes redefined (0 events):
No events

Internal exceptions (20 events):
Event: 351.005 Thread 0x00000232a6316040 Exception <a 'sun/nio/fs/WindowsException'{0x000000008be317b0}> (0x000000008be317b0) 
thrown [s\src\hotspot\share\prims\jni.cpp, line 517]
Event: 351.007 Thread 0x00000232b01d3e20 Exception <a 'sun/nio/fs/WindowsException'{0x000000008be43538}> (0x000000008be43538) 
thrown [s\src\hotspot\share\prims\jni.cpp, line 517]
Event: 351.010 Thread 0x00000232a63169e0 Exception <a 'sun/nio/fs/WindowsException'{0x000000008babfe78}> (0x000000008babfe78) 
thrown [s\src\hotspot\share\prims\jni.cpp, line 517]
Event: 351.010 Thread 0x00000232a63169e0 Exception <a 'sun/nio/fs/WindowsException'{0x000000008babff38}> (0x000000008babff38) 
thrown [s\src\hotspot\share\prims\jni.cpp, line 517]
Event: 351.010 Thread 0x00000232a63169e0 Exception <a 'sun/nio/fs/WindowsException'{0x000000008bac0358}> (0x000000008bac0358) 
thrown [s\src\hotspot\share\prims\jni.cpp, line 517]
Event: 351.011 Thread 0x00000232a6315b70 Exception <a 'sun/nio/fs/WindowsException'{0x000000008dc7fd38}> (0x000000008dc7fd38) 
thrown [s\src\hotspot\share\prims\jni.cpp, line 517]
Event: 351.011 Thread 0x00000232b01d42f0 Exception <a 'sun/nio/fs/WindowsException'{0x000000008bbcc920}> (0x000000008bbcc920) 
thrown [s\src\hotspot\share\prims\jni.cpp, line 517]
Event: 351.012 Thread 0x00000232a63156a0 Exception <a 'sun/nio/fs/WindowsException'{0x000000008b90bba0}> (0x000000008b90bba0) 
thrown [s\src\hotspot\share\prims\jni.cpp, line 517]
Event: 351.012 Thread 0x00000232a63156a0 Exception <a 'sun/nio/fs/WindowsException'{0x000000008b90bc60}> (0x000000008b90bc60) 
thrown [s\src\hotspot\share\prims\jni.cpp, line 517]
Event: 351.012 Thread 0x00000232a63156a0 Exception <a 'sun/nio/fs/WindowsException'{0x000000008b90c050}> (0x000000008b90c050) 
thrown [s\src\hotspot\share\prims\jni.cpp, line 517]
Event: 351.019 Thread 0x00000232a6316510 Exception <a 'sun/nio/fs/WindowsException'{0x000000008c8adbf0}> (0x000000008c8adbf0) 
thrown [s\src\hotspot\share\prims\jni.cpp, line 517]
Event: 351.021 Thread 0x00000232a63151d0 Exception <a 'sun/nio/fs/WindowsException'{0x000000008bb88a08}> (0x000000008bb88a08) 
thrown [s\src\hotspot\share\prims\jni.cpp, line 517]
Event: 351.025 Thread 0x00000232a6316040 Exception <a 'sun/nio/fs/WindowsException'{0x000000008b108e30}> (0x000000008b108e30) 
thrown [s\src\hotspot\share\prims\jni.cpp, line 517]
Event: 351.025 Thread 0x00000232b01d3e20 Exception <a 'sun/nio/fs/WindowsException'{0x000000008b154238}> (0x000000008b154238) 
thrown [s\src\hotspot\share\prims\jni.cpp, line 517]
Event: 351.029 Thread 0x00000232a569f1d0 Exception <a 'sun/nio/fs/WindowsException'{0x000000008b03d868}> (0x000000008b03d868) 
thrown [s\src\hotspot\share\prims\jni.cpp, line 517]
Event: 351.032 Thread 0x00000232a63169e0 Exception <a 'sun/nio/fs/WindowsException'{0x000000008b4ec140}> (0x000000008b4ec140) 
thrown [s\src\hotspot\share\prims\jni.cpp, line 517]
Event: 351.036 Thread 0x00000232a6316510 Exception <a 'sun/nio/fs/WindowsException'{0x000000008b2a81a8}> (0x000000008b2a81a8) 
thrown [s\src\hotspot\share\prims\jni.cpp, line 517]
Event: 351.038 Thread 0x00000232b01d42f0 Exception <a 'sun/nio/fs/WindowsException'{0x000000008b030738}> (0x000000008b030738) 
thrown [s\src\hotspot\share\prims\jni.cpp, line 517]
Event: 351.042 Thread 0x00000232a63156a0 Exception <a 'sun/nio/fs/WindowsException'{0x000000008aba8e48}> (0x000000008aba8e48) 
thrown [s\src\hotspot\share\prims\jni.cpp, line 517]
Event: 351.043 Thread 0x00000232a6315b70 Exception <a 'sun/nio/fs/WindowsException'{0x000000008b61e518}> (0x000000008b61e518) 
thrown [s\src\hotspot\share\prims\jni.cpp, line 517]

VM Operations (20 events):
Event: 350.405 Executing VM operation: G1CollectForAllocation done
Event: 350.583 Executing VM operation: HandshakeAllThreads
Event: 350.583 Executing VM operation: HandshakeAllThreads done
Event: 350.586 Executing VM operation: HandshakeAllThreads
Event: 350.586 Executing VM operation: HandshakeAllThreads done
Event: 350.713 Executing VM operation: ICBufferFull
Event: 350.713 Executing VM operation: ICBufferFull done
Event: 350.761 Executing VM operation: G1CollectForAllocation
Event: 350.761 Executing VM operation: G1CollectForAllocation done
Event: 350.761 Executing VM operation: G1CollectForAllocation
Event: 350.767 Executing VM operation: G1CollectForAllocation done
Event: 350.815 Executing VM operation: G1CollectForAllocation
Event: 350.815 Executing VM operation: G1CollectForAllocation done
Event: 350.815 Executing VM operation: G1CollectForAllocation
Event: 350.817 Executing VM operation: G1CollectForAllocation done
Event: 350.870 Executing VM operation: G1CollectForAllocation
Event: 350.873 Executing VM operation: G1CollectForAllocation done
Event: 350.942 Executing VM operation: G1CollectForAllocation
Event: 350.944 Executing VM operation: G1CollectForAllocation done
Event: 351.043 Executing VM operation: G1CollectForAllocation

Events (20 events):
Event: 350.692 Thread 0x00000232aa54e7c0 Thread added: 0x00000232aa54e7c0
Event: 350.712 Thread 0x00000232a6315b70 Thread added: 0x00000232a6315b70
Event: 350.712 Thread 0x00000232a63151d0 Thread added: 0x00000232a63151d0
Event: 350.713 Thread 0x00000232a6316510 Thread added: 0x00000232a6316510
Event: 350.713 Thread 0x00000232a63156a0 Thread added: 0x00000232a63156a0
Event: 350.713 Thread 0x00000232a63169e0 Thread added: 0x00000232a63169e0
Event: 350.714 Thread 0x00000232a6316040 Thread added: 0x00000232a6316040
Event: 350.714 Thread 0x00000232a56a0040 Thread added: 0x00000232a56a0040
Event: 350.714 Thread 0x00000232a56a0510 Thread added: 0x00000232a56a0510
Event: 350.714 Thread 0x00000232a569f1d0 Thread added: 0x00000232a569f1d0
Event: 350.714 Thread 0x00000232b01d42f0 Thread added: 0x00000232b01d42f0
Event: 350.715 Thread 0x00000232b01d3e20 Thread added: 0x00000232b01d3e20
Event: 350.724 loading class java/io/PushbackInputStream
Event: 350.724 loading class java/io/PushbackInputStream done
Event: 350.741 loading class java/util/zip/ZipFile$EntrySpliterator
Event: 350.742 loading class java/util/Spliterators$AbstractSpliterator
Event: 350.742 loading class java/util/Spliterators$AbstractSpliterator done
Event: 350.742 loading class java/util/zip/ZipFile$EntrySpliterator done
Event: 350.965 loading class jdk/internal/misc/ScopedMemoryAccess$Scope$Handle
Event: 350.965 loading class jdk/internal/misc/ScopedMemoryAccess$Scope$Handle done


Dynamic libraries:
0x00007ff725630000 - 0x00007ff72563a000 	C:\Users\AHMEDHOSNY\AppData\Local\JetBrains\Toolbox\apps\AndroidStudio\ch-1\231.9225.16.2311.10533651\jbr\bin\java.exe
0x00007ffecb890000 - 0x00007ffecbabe000 	C:\WINDOWS\SYSTEM32\ntdll.dll
0x00007ffeca630000 - 0x00007ffeca6f8000 	C:\WINDOWS\System32\KERNEL32.DLL
0x00007ffec91e0000 - 0x00007ffec953b000 	C:\WINDOWS\System32\KERNELBASE.dll
0x00007ffec5d70000 - 0x00007ffec5e0e000 	C:\WINDOWS\SYSTEM32\apphelp.dll
0x00007ffec90a0000 - 0x00007ffec91d2000 	C:\WINDOWS\System32\ucrtbase.dll
0x00007ffebe790000 - 0x00007ffebe7a7000 	C:\Users\AHMEDHOSNY\AppData\Local\JetBrains\Toolbox\apps\AndroidStudio\ch-1\231.9225.16.2311.10533651\jbr\bin\jli.dll
0x00007ffeb65b0000 - 0x00007ffeb65cb000 	C:\Users\AHMEDHOSNY\AppData\Local\JetBrains\Toolbox\apps\AndroidStudio\ch-1\231.9225.16.2311.10533651\jbr\bin\VCRUNTIME140.dll
0x00007ffec98b0000 - 0x00007ffec9a63000 	C:\WINDOWS\System32\USER32.dll
0x00007ffec1870000 - 0x00007ffec1b03000 	C:\WINDOWS\WinSxS\amd64_microsoft.windows.common-controls_6595b64144ccf1df_6.0.25921.1000_none_854cb103475d39ac\COMCTL32.dll
0x00007ffec9070000 - 0x00007ffec9097000 	C:\WINDOWS\System32\win32u.dll
0x00007ffec9bb0000 - 0x00007ffec9c57000 	C:\WINDOWS\System32\msvcrt.dll
0x00007ffec9c60000 - 0x00007ffec9c89000 	C:\WINDOWS\System32\GDI32.dll
0x00007ffec8d10000 - 0x00007ffec8e30000 	C:\WINDOWS\System32\gdi32full.dll
0x00007ffec8e40000 - 0x00007ffec8ee5000 	C:\WINDOWS\System32\msvcp_win.dll
0x00007ffeca5f0000 - 0x00007ffeca620000 	C:\WINDOWS\System32\IMM32.DLL
0x00007ffebeba0000 - 0x00007ffebebac000 	C:\Users\AHMEDHOSNY\AppData\Local\JetBrains\Toolbox\apps\AndroidStudio\ch-1\231.9225.16.2311.10533651\jbr\bin\vcruntime140_1.dll
0x00007ffeb08e0000 - 0x00007ffeb096d000 	C:\Users\AHMEDHOSNY\AppData\Local\JetBrains\Toolbox\apps\AndroidStudio\ch-1\231.9225.16.2311.10533651\jbr\bin\msvcp140.dll
0x00007ffe593a0000 - 0x00007ffe5a00e000 	C:\Users\AHMEDHOSNY\AppData\Local\JetBrains\Toolbox\apps\AndroidStudio\ch-1\231.9225.16.2311.10533651\jbr\bin\server\jvm.dll
0x00007ffecb790000 - 0x00007ffecb840000 	C:\WINDOWS\System32\ADVAPI32.dll
0x00007ffeca850000 - 0x00007ffeca8f0000 	C:\WINDOWS\System32\sechost.dll
0x00007ffec9a70000 - 0x00007ffec9b95000 	C:\WINDOWS\System32\RPCRT4.dll
0x00007ffec43f0000 - 0x00007ffec43fa000 	C:\WINDOWS\SYSTEM32\VERSION.dll
0x00007ffeb35a0000 - 0x00007ffeb35d4000 	C:\WINDOWS\SYSTEM32\WINMM.dll
0x00007ffec40f0000 - 0x00007ffec40f9000 	C:\WINDOWS\SYSTEM32\WSOCK32.dll
0x00007ffec9830000 - 0x00007ffec98a3000 	C:\WINDOWS\System32\WS2_32.dll
0x00007ffec7b50000 - 0x00007ffec7b68000 	C:\WINDOWS\SYSTEM32\kernel.appcore.dll
0x00007ffec4130000 - 0x00007ffec413a000 	C:\Users\AHMEDHOSNY\AppData\Local\JetBrains\Toolbox\apps\AndroidStudio\ch-1\231.9225.16.2311.10533651\jbr\bin\jimage.dll
0x00007ffec1c10000 - 0x00007ffec1e45000 	C:\WINDOWS\SYSTEM32\DBGHELP.DLL
0x00007ffeca240000 - 0x00007ffeca5ba000 	C:\WINDOWS\System32\combase.dll
0x00007ffeca960000 - 0x00007ffecaa35000 	C:\WINDOWS\System32\OLEAUT32.dll
0x00007ffeb5990000 - 0x00007ffeb59c8000 	C:\WINDOWS\SYSTEM32\dbgcore.DLL
0x00007ffec8c80000 - 0x00007ffec8d01000 	C:\WINDOWS\System32\bcryptPrimitives.dll
0x00007ffebeea0000 - 0x00007ffebeeae000 	C:\Users\AHMEDHOSNY\AppData\Local\JetBrains\Toolbox\apps\AndroidStudio\ch-1\231.9225.16.2311.10533651\jbr\bin\instrument.dll
0x00007ffec4100000 - 0x00007ffec4125000 	C:\Users\AHMEDHOSNY\AppData\Local\JetBrains\Toolbox\apps\AndroidStudio\ch-1\231.9225.16.2311.10533651\jbr\bin\java.dll
0x00007ffec1f50000 - 0x00007ffec1f68000 	C:\Users\AHMEDHOSNY\AppData\Local\JetBrains\Toolbox\apps\AndroidStudio\ch-1\231.9225.16.2311.10533651\jbr\bin\zip.dll
0x00007ffecafb0000 - 0x00007ffecb77c000 	C:\WINDOWS\System32\SHELL32.dll
0x00007ffec6a90000 - 0x00007ffec72e4000 	C:\WINDOWS\SYSTEM32\windows.storage.dll
0x00007ffecab50000 - 0x00007ffecac23000 	C:\WINDOWS\System32\SHCORE.dll
0x00007ffeca900000 - 0x00007ffeca95c000 	C:\WINDOWS\System32\shlwapi.dll
0x00007ffec8ba0000 - 0x00007ffec8bc3000 	C:\WINDOWS\SYSTEM32\profapi.dll
0x00007ffec0460000 - 0x00007ffec0479000 	C:\Users\AHMEDHOSNY\AppData\Local\JetBrains\Toolbox\apps\AndroidStudio\ch-1\231.9225.16.2311.10533651\jbr\bin\net.dll
0x00007ffebfb60000 - 0x00007ffebfc7e000 	C:\WINDOWS\SYSTEM32\WINHTTP.dll
0x00007ffec7fc0000 - 0x00007ffec8028000 	C:\WINDOWS\system32\mswsock.dll
0x00007ffebff40000 - 0x00007ffebff56000 	C:\Users\AHMEDHOSNY\AppData\Local\JetBrains\Toolbox\apps\AndroidStudio\ch-1\231.9225.16.2311.10533651\jbr\bin\nio.dll
0x00007ffec1ef0000 - 0x00007ffec1f00000 	C:\Users\AHMEDHOSNY\AppData\Local\JetBrains\Toolbox\apps\AndroidStudio\ch-1\231.9225.16.2311.10533651\jbr\bin\verify.dll
0x00007ffeb7e40000 - 0x00007ffeb7e67000 	C:\Users\AHMEDHOSNY\.gradle\native\68d5fa5c4cc2d200863cafc0d521ce42e7d3e7ee720ec0a83991735586a16f82\windows-amd64\native-platform.dll
0x00007ffeaca90000 - 0x00007ffeacbd4000 	C:\Users\AHMEDHOSNY\.gradle\native\e376f236ea51e6404a007f0833ffe2c6e607c4080706a723a18a27aeea778392\windows-amd64\native-platform-file-events.dll
0x00007ffec1b90000 - 0x00007ffec1b99000 	C:\Users\AHMEDHOSNY\AppData\Local\JetBrains\Toolbox\apps\AndroidStudio\ch-1\231.9225.16.2311.10533651\jbr\bin\management.dll
0x00007ffec0450000 - 0x00007ffec045b000 	C:\Users\AHMEDHOSNY\AppData\Local\JetBrains\Toolbox\apps\AndroidStudio\ch-1\231.9225.16.2311.10533651\jbr\bin\management_ext.dll
0x00007ffec9ba0000 - 0x00007ffec9ba8000 	C:\WINDOWS\System32\PSAPI.DLL
0x00007ffec8380000 - 0x00007ffec839b000 	C:\WINDOWS\SYSTEM32\CRYPTSP.dll
0x00007ffec7ab0000 - 0x00007ffec7ae7000 	C:\WINDOWS\system32\rsaenh.dll
0x00007ffec8080000 - 0x00007ffec80aa000 	C:\WINDOWS\SYSTEM32\USERENV.dll
0x00007ffec8600000 - 0x00007ffec8628000 	C:\WINDOWS\SYSTEM32\bcrypt.dll
0x00007ffec81f0000 - 0x00007ffec81fc000 	C:\WINDOWS\SYSTEM32\CRYPTBASE.dll
0x00007ffec7570000 - 0x00007ffec759f000 	C:\WINDOWS\SYSTEM32\IPHLPAPI.DLL
0x00007ffecac30000 - 0x00007ffecac3a000 	C:\WINDOWS\System32\NSI.dll
0x00007ffec0940000 - 0x00007ffec0959000 	C:\WINDOWS\SYSTEM32\dhcpcsvc6.DLL
0x00007ffec0910000 - 0x00007ffec092f000 	C:\WINDOWS\SYSTEM32\dhcpcsvc.DLL
0x00007ffec75b0000 - 0x00007ffec76c3000 	C:\WINDOWS\SYSTEM32\DNSAPI.dll
0x00007ffeae180000 - 0x00007ffeae188000 	C:\WINDOWS\system32\wshunix.dll
0x00007ffec44a0000 - 0x00007ffec44aa000 	C:\Windows\System32\rasadhlp.dll
0x00007ffec07d0000 - 0x00007ffec0852000 	C:\WINDOWS\System32\fwpuclnt.dll
0x00007ffeb4cf0000 - 0x00007ffeb4d07000 	C:\WINDOWS\system32\napinsp.dll
0x00007ffeb4730000 - 0x00007ffeb474d000 	C:\WINDOWS\system32\pnrpnsp.dll
0x00007ffeb4680000 - 0x00007ffeb46a1000 	C:\WINDOWS\system32\nlansp_c.dll
0x00007ffeb43a0000 - 0x00007ffeb43b2000 	C:\WINDOWS\System32\winrnr.dll
0x00007ffeb4380000 - 0x00007ffeb4395000 	C:\WINDOWS\system32\wshbth.dll
0x00007ffec20b0000 - 0x00007ffec20e4000 	C:\WINDOWS\SYSTEM32\ntmarta.dll
0x00007ffeb5d70000 - 0x00007ffeb5d8e000 	C:\Users\AHMEDHOSNY\AppData\Local\Temp\native-platform2781973507414720904dir\native-platform.dll
0x00007ffebda10000 - 0x00007ffebda17000 	C:\Users\AHMEDHOSNY\AppData\Local\JetBrains\Toolbox\apps\AndroidStudio\ch-1\231.9225.16.2311.10533651\jbr\bin\rmi.dll

dbghelp: loaded successfully - version: 4.0.5 - missing functions: none
symbol engine: initialized successfully - sym options: 0x614 - pdb path: .;C:\Users\AHMEDHOSNY\AppData\Local\JetBrains\Toolbox\apps\AndroidStudio\ch-1\231.9225.16.2311.10533651\jbr\bin;C:\WINDOWS\SYSTEM32;C:\WINDOWS\WinSxS\amd64_microsoft.windows.common-controls_6595b64144ccf1df_6.0.25921.1000_none_854cb103475d39ac;C:\Users\AHMEDHOSNY\AppData\Local\JetBrains\Toolbox\apps\AndroidStudio\ch-1\231.9225.16.2311.10533651\jbr\bin\server;C:\Users\AHMEDHOSNY\.gradle\native\68d5fa5c4cc2d200863cafc0d521ce42e7d3e7ee720ec0a83991735586a16f82\windows-amd64;C:\Users\AHMEDHOSNY\.gradle\native\e376f236ea51e6404a007f0833ffe2c6e607c4080706a723a18a27aeea778392\windows-amd64;C:\Users\AHMEDHOSNY\AppData\Local\Temp\native-platform2781973507414720904dir

VM Arguments:
jvm_args: --add-opens=java.base/java.util=ALL-UNNAMED --add-opens=java.base/java.lang=ALL-UNNAMED --add-opens=java.base/java.lang.invoke=ALL-UNNAMED --add-opens=java.prefs/java.util.prefs=ALL-UNNAMED --add-opens=java.base/java.nio.charset=ALL-UNNAMED --add-opens=java.base/java.net=ALL-UNNAMED --add-opens=java.base/java.util.concurrent.atomic=ALL-UNNAMED -Xmx2048m -Dfile.encoding=UTF-8 -Duser.country=US -Duser.language=en -Duser.variant -javaagent:C:\Users\AHMEDHOSNY\.gradle\wrapper\dists\gradle-8.2-bin\bbg7u40eoinfdyxsxr3z4i7ta\gradle-8.2\lib\agents\gradle-instrumentation-agent-8.2.jar 
java_command: org.gradle.launcher.daemon.bootstrap.GradleDaemon 8.2
java_class_path (initial): C:\Users\AHMEDHOSNY\.gradle\wrapper\dists\gradle-8.2-bin\bbg7u40eoinfdyxsxr3z4i7ta\gradle-8.2\lib\gradle-launcher-8.2.jar
Launcher Type: SUN_STANDARD

[Global flags]
     intx CICompilerCount                          = 4                                         {product} {ergonomic}
     uint ConcGCThreads                            = 3                                         {product} {ergonomic}
     uint G1ConcRefinementThreads                  = 10                                        {product} {ergonomic}
   size_t G1HeapRegionSize                         = 1048576                                   {product} {ergonomic}
    uintx GCDrainStackTargetSize                   = 64                                        {product} {ergonomic}
   size_t InitialHeapSize                          = 266338304                                 {product} {ergonomic}
   size_t MarkStackSize                            = 4194304                                   {product} {ergonomic}
   size_t MaxHeapSize                              = 2147483648                                {product} {command line}
   size_t MaxNewSize                               = 1287651328                                {product} {ergonomic}
   size_t MinHeapDeltaBytes                        = 1048576                                   {product} {ergonomic}
   size_t MinHeapSize                              = 8388608                                   {product} {ergonomic}
    uintx NonNMethodCodeHeapSize                   = 5839372                                {pd product} {ergonomic}
    uintx NonProfiledCodeHeapSize                  = 122909434                              {pd product} {ergonomic}
    uintx ProfiledCodeHeapSize                     = 122909434                              {pd product} {ergonomic}
    uintx ReservedCodeCacheSize                    = 251658240                              {pd product} {ergonomic}
     bool SegmentedCodeCache                       = true                                      {product} {ergonomic}
   size_t SoftMaxHeapSize                          = 2147483648                             {manageable} {ergonomic}
     bool UseCompressedClassPointers               = true                           {product lp64_product} {ergonomic}
     bool UseCompressedOops                        = true                           {product lp64_product} {ergonomic}
     bool UseG1GC                                  = true                                      {product} {ergonomic}
     bool UseLargePagesIndividualAllocation        = false                                  {pd product} {ergonomic}

Logging:
Log output configuration:
 #0: stdout all=warning uptime,level,tags
 #1: stderr all=off uptime,level,tags

Environment Variables:
CLASSPATH=.;C:\Program Files (x86)\QuickTime\QTSystem\QTJava.zip
PATH=C:\Program Files (x86)\VMware\VMware Workstation\bin\;C:\Python311\Scripts\;C:\Python311\;C:\Program Files\Common Files\Oracle\Java\javapath;C:\Program Files (x86)\Common Files\Oracle\Java\javapath;C:\Program Files (x86)\Common Files\Intel\Shared Libraries\redist\intel64_win\compiler;C:\Program Files (x86)\Common Files\Intel\Shared Libraries\redist\intel64\compiler;C:\Windows\system32;C:\Windows;C:\Windows\System32\Wbem;C:\Windows\System32\WindowsPowerShell\v1.0\;C:\Windows\System32\OpenSSH\;C:\Program Files (x86)\NVIDIA Corporation\PhysX\Common;C:\WINDOWS\system32;C:\WINDOWS;C:\WINDOWS\System32\Wbem;C:\WINDOWS\System32\WindowsPowerShell\v1.0\;C:\WINDOWS\System32\OpenSSH\;C:\Program Files (x86)\QuickTime\QTSystem\;C:\Program Files\dotnet\;C:\Program Files (x86)\Minimal ADB and Fastboot;C:\Program Files\Wolfram Research\WolframScript\;C:\ProgramData\chocolatey\bin;D:\8-Programming\maven\bin;C:\Users\AHMEDHOSNY\.jdks\openjdk-20\bin;C:\Users\AHMEDHOSNY\AppData\Local\Android\Sdk\tools\bin;C:\Users\AHMEDHOSNY\AppData\Local\Android\Sdk\platform-tools;C:\Users\AHMEDHOSNY\AppData\Local\Android\Sdk\emulator;C:\Users\AHMEDHOSNY\AppData\Roaming\npm\node_modules\@angular\cli\bin;C:\Users\AHMEDHOSNY\AppData\Roaming\npm;C:\Program Files\PostgreSQL\15\bin;C:\Moodle\server\php\php.exe;C:\Program Files\PuTTY\;C:\Program Files\Git\cmd;C:\Program Files\NVIDIA Corporation\NVIDIA NvDLISR;C:\Program Files\Docker\Docker\resources\bin;C:\Users\AHMEDHOSNY\AppData\Roaming\nvm;C:\Program Files\nodejs;C:\Program Files\PowerShell\7\;C:\php;C:\Users\AHMEDHOSNY\AppData\Local\Microsoft\WindowsApps;C:\Users\AHMEDHOSNY\AppData\Local\JetBrains\Toolbox\scripts;C:\Users\AHMEDHOSNY\AppData\Local\Programs\Microsoft VS Code\bin;C:\Users\AHMEDHOSNY\AppData\Local\GitHubDesktop\bin;C:\Program Files\Java\jdk-11\bin;C:\Users\AHMEDHOSNY\AppData\Local\gitkraken\bin;C:\Users\AHMEDHOSNY\AppData\Local\Microsoft\WindowsApps
USERNAME=AHMEDHOSNY
OS=Windows_NT
PROCESSOR_IDENTIFIER=Intel64 Family 6 Model 165 Stepping 2, GenuineIntel
TMP=C:\Users\AHMEDHOSNY\AppData\Local\Temp
TEMP=C:\Users\AHMEDHOSNY\AppData\Local\Temp


JNI global refs:
JNI global refs: 29, weak refs: 9

JNI global refs memory usage: 843, weak refs: 841


---------------  S Y S T E M  ---------------

OS:
 Windows 11 , 64 bit Build 25921 (10.0.25921.1000)
OS uptime: 0 days 22:29 hours
Hyper-V role detected

CPU: total 12 (initial active 12) (6 cores per cpu, 2 threads per core) family 6 model 165 stepping 2 microcode 0xea, cx8, cmov, fxsr, ht, mmx, 3dnowpref, sse, sse2, sse3, ssse3, sse4.1, sse4.2, popcnt, lzcnt, tsc, tscinvbit, avx, avx2, aes, erms, clmul, bmi1, bmi2, adx, fma, vzeroupper, clflush, clflushopt, hv

Memory: 4k page, system-wide physical 16215M (3577M free)
TotalPageFile size 16216M (AvailPageFile size 129M)
current process WorkingSet (physical memory assigned to process): 563M, peak: 573M
current process commit charge ("private bytes"): 626M, peak: 826M

vm_info: OpenJDK 64-Bit Server VM (17.0.7+0-b2043.56-10353782) for windows-amd64 JRE (17.0.7+0-b2043.56-10353782), built on Jun 21 2023 02:03:15 by "androidbuild" with MS VC++ 16.10 / 16.11 (VS2019)

END.
